{"C:\\Users\\hp\\Documents\\Portfoli-backend\\dest\\src\\server.js": {"path":"C:\\Users\\hp\\Documents\\Portfoli-backend\\dest\\src\\server.js","statementMap":{"0":{"start":{"line":2,"column":22},"end":{"line":4,"column":1}},"1":{"start":{"line":3,"column":4},"end":{"line":3,"column":62}},"2":{"start":{"line":5,"column":0},"end":{"line":5,"column":62}},"3":{"start":{"line":6,"column":18},"end":{"line":6,"column":53}},"4":{"start":{"line":7,"column":19},"end":{"line":7,"column":55}},"5":{"start":{"line":8,"column":17},"end":{"line":8,"column":51}},"6":{"start":{"line":9,"column":24},"end":{"line":9,"column":74}},"7":{"start":{"line":10,"column":26},"end":{"line":10,"column":78}},"8":{"start":{"line":11,"column":23},"end":{"line":11,"column":72}},"9":{"start":{"line":12,"column":26},"end":{"line":12,"column":78}},"10":{"start":{"line":13,"column":23},"end":{"line":13,"column":72}},"11":{"start":{"line":14,"column":26},"end":{"line":14,"column":78}},"12":{"start":{"line":15,"column":20},"end":{"line":15,"column":66}},"13":{"start":{"line":16,"column":25},"end":{"line":16,"column":76}},"14":{"start":{"line":17,"column":29},"end":{"line":17,"column":75}},"15":{"start":{"line":18,"column":30},"end":{"line":18,"column":79}},"16":{"start":{"line":19,"column":17},"end":{"line":19,"column":65}},"17":{"start":{"line":20,"column":0},"end":{"line":20,"column":26}},"18":{"start":{"line":21,"column":13},"end":{"line":21,"column":17}},"19":{"start":{"line":22,"column":12},"end":{"line":22,"column":36}},"20":{"start":{"line":23,"column":0},"end":{"line":23,"column":124}},"21":{"start":{"line":25,"column":0},"end":{"line":25,"column":45}},"22":{"start":{"line":26,"column":0},"end":{"line":26,"column":76}},"23":{"start":{"line":27,"column":0},"end":{"line":27,"column":40}},"24":{"start":{"line":28,"column":0},"end":{"line":28,"column":40}},"25":{"start":{"line":29,"column":0},"end":{"line":29,"column":46}},"26":{"start":{"line":30,"column":0},"end":{"line":30,"column":41}},"27":{"start":{"line":31,"column":0},"end":{"line":31,"column":46}},"28":{"start":{"line":32,"column":0},"end":{"line":32,"column":39}},"29":{"start":{"line":33,"column":0},"end":{"line":33,"column":46}},"30":{"start":{"line":34,"column":0},"end":{"line":36,"column":3}},"31":{"start":{"line":35,"column":4},"end":{"line":35,"column":30}},"32":{"start":{"line":38,"column":0},"end":{"line":41,"column":3}},"33":{"start":{"line":40,"column":4},"end":{"line":40,"column":57}},"34":{"start":{"line":42,"column":23},"end":{"line":56,"column":1}},"35":{"start":{"line":43,"column":22},"end":{"line":43,"column":43}},"36":{"start":{"line":44,"column":4},"end":{"line":55,"column":5}},"37":{"start":{"line":45,"column":8},"end":{"line":45,"column":50}},"38":{"start":{"line":46,"column":8},"end":{"line":46,"column":15}},"39":{"start":{"line":49,"column":8},"end":{"line":54,"column":11}},"40":{"start":{"line":51,"column":12},"end":{"line":51,"column":59}},"41":{"start":{"line":53,"column":12},"end":{"line":53,"column":60}},"42":{"start":{"line":57,"column":0},"end":{"line":57,"column":17}},"43":{"start":{"line":58,"column":15},"end":{"line":60,"column":2}},"44":{"start":{"line":59,"column":4},"end":{"line":59,"column":51}},"45":{"start":{"line":61,"column":0},"end":{"line":61,"column":25}}},"fnMap":{"0":{"name":"(anonymous_0)","decl":{"start":{"line":2,"column":56},"end":{"line":2,"column":57}},"loc":{"start":{"line":2,"column":71},"end":{"line":4,"column":1}},"line":2},"1":{"name":"(anonymous_1)","decl":{"start":{"line":34,"column":16},"end":{"line":34,"column":17}},"loc":{"start":{"line":34,"column":31},"end":{"line":36,"column":1}},"line":34},"2":{"name":"(anonymous_2)","decl":{"start":{"line":38,"column":53},"end":{"line":38,"column":54}},"loc":{"start":{"line":38,"column":67},"end":{"line":41,"column":1}},"line":38},"3":{"name":"(anonymous_3)","decl":{"start":{"line":42,"column":23},"end":{"line":42,"column":24}},"loc":{"start":{"line":42,"column":29},"end":{"line":56,"column":1}},"line":42},"4":{"name":"(anonymous_4)","decl":{"start":{"line":50,"column":18},"end":{"line":50,"column":19}},"loc":{"start":{"line":50,"column":24},"end":{"line":52,"column":9}},"line":50},"5":{"name":"(anonymous_5)","decl":{"start":{"line":52,"column":17},"end":{"line":52,"column":18}},"loc":{"start":{"line":52,"column":26},"end":{"line":54,"column":9}},"line":52},"6":{"name":"(anonymous_6)","decl":{"start":{"line":58,"column":32},"end":{"line":58,"column":33}},"loc":{"start":{"line":58,"column":38},"end":{"line":60,"column":1}},"line":58}},"branchMap":{"0":{"loc":{"start":{"line":2,"column":22},"end":{"line":4,"column":1}},"type":"binary-expr","locations":[{"start":{"line":2,"column":23},"end":{"line":2,"column":27}},{"start":{"line":2,"column":31},"end":{"line":2,"column":51}},{"start":{"line":2,"column":56},"end":{"line":4,"column":1}}],"line":2},"1":{"loc":{"start":{"line":3,"column":11},"end":{"line":3,"column":61}},"type":"cond-expr","locations":[{"start":{"line":3,"column":37},"end":{"line":3,"column":40}},{"start":{"line":3,"column":43},"end":{"line":3,"column":61}}],"line":3},"2":{"loc":{"start":{"line":3,"column":12},"end":{"line":3,"column":33}},"type":"binary-expr","locations":[{"start":{"line":3,"column":12},"end":{"line":3,"column":15}},{"start":{"line":3,"column":19},"end":{"line":3,"column":33}}],"line":3},"3":{"loc":{"start":{"line":44,"column":4},"end":{"line":55,"column":5}},"type":"if","locations":[{"start":{"line":44,"column":4},"end":{"line":55,"column":5}},{"start":{"line":48,"column":9},"end":{"line":55,"column":5}}],"line":44}},"s":{"0":1,"1":14,"2":1,"3":1,"4":1,"5":1,"6":1,"7":1,"8":1,"9":1,"10":1,"11":1,"12":1,"13":1,"14":1,"15":1,"16":1,"17":1,"18":1,"19":1,"20":1,"21":1,"22":1,"23":1,"24":1,"25":1,"26":1,"27":1,"28":1,"29":1,"30":1,"31":0,"32":1,"33":0,"34":1,"35":1,"36":1,"37":0,"38":0,"39":1,"40":1,"41":0,"42":1,"43":1,"44":1,"45":1},"f":{"0":14,"1":0,"2":0,"3":1,"4":1,"5":0,"6":1},"b":{"0":[1,1,1],"1":[9,5],"2":[14,14],"3":[0,1]},"inputSourceMap":null,"_coverageSchema":"1a1c01bbd47fc00a2c39e90264f33305004495a9","hash":"8ad882ef9df99a04944623f5d89ddc55598511f8"}
,"C:\\Users\\hp\\Documents\\Portfoli-backend\\dest\\src\\controllers\\commentController.js": {"path":"C:\\Users\\hp\\Documents\\Portfoli-backend\\dest\\src\\controllers\\commentController.js","statementMap":{"0":{"start":{"line":2,"column":16},"end":{"line":10,"column":1}},"1":{"start":{"line":3,"column":28},"end":{"line":3,"column":110}},"2":{"start":{"line":3,"column":91},"end":{"line":3,"column":106}},"3":{"start":{"line":4,"column":4},"end":{"line":9,"column":7}},"4":{"start":{"line":5,"column":36},"end":{"line":5,"column":97}},"5":{"start":{"line":5,"column":42},"end":{"line":5,"column":70}},"6":{"start":{"line":5,"column":85},"end":{"line":5,"column":95}},"7":{"start":{"line":6,"column":35},"end":{"line":6,"column":100}},"8":{"start":{"line":6,"column":41},"end":{"line":6,"column":73}},"9":{"start":{"line":6,"column":88},"end":{"line":6,"column":98}},"10":{"start":{"line":7,"column":32},"end":{"line":7,"column":116}},"11":{"start":{"line":8,"column":8},"end":{"line":8,"column":78}},"12":{"start":{"line":11,"column":22},"end":{"line":13,"column":1}},"13":{"start":{"line":12,"column":4},"end":{"line":12,"column":62}},"14":{"start":{"line":14,"column":0},"end":{"line":14,"column":62}},"15":{"start":{"line":15,"column":25},"end":{"line":15,"column":77}},"16":{"start":{"line":16,"column":19},"end":{"line":51,"column":2}},"17":{"start":{"line":16,"column":33},"end":{"line":51,"column":2}},"18":{"start":{"line":17,"column":4},"end":{"line":50,"column":5}},"19":{"start":{"line":18,"column":26},"end":{"line":18,"column":34}},"20":{"start":{"line":19,"column":31},"end":{"line":19,"column":39}},"21":{"start":{"line":21,"column":22},"end":{"line":21,"column":71}},"22":{"start":{"line":22,"column":8},"end":{"line":40,"column":9}},"23":{"start":{"line":23,"column":12},"end":{"line":28,"column":15}},"24":{"start":{"line":31,"column":33},"end":{"line":31,"column":46}},"25":{"start":{"line":32,"column":12},"end":{"line":32,"column":46}},"26":{"start":{"line":33,"column":12},"end":{"line":33,"column":31}},"27":{"start":{"line":34,"column":12},"end":{"line":39,"column":15}},"28":{"start":{"line":43,"column":8},"end":{"line":43,"column":25}},"29":{"start":{"line":44,"column":8},"end":{"line":49,"column":11}},"30":{"start":{"line":52,"column":0},"end":{"line":52,"column":29}}},"fnMap":{"0":{"name":"(anonymous_0)","decl":{"start":{"line":2,"column":44},"end":{"line":2,"column":45}},"loc":{"start":{"line":2,"column":89},"end":{"line":10,"column":1}},"line":2},"1":{"name":"adopt","decl":{"start":{"line":3,"column":13},"end":{"line":3,"column":18}},"loc":{"start":{"line":3,"column":26},"end":{"line":3,"column":112}},"line":3},"2":{"name":"(anonymous_2)","decl":{"start":{"line":3,"column":70},"end":{"line":3,"column":71}},"loc":{"start":{"line":3,"column":89},"end":{"line":3,"column":108}},"line":3},"3":{"name":"(anonymous_3)","decl":{"start":{"line":4,"column":36},"end":{"line":4,"column":37}},"loc":{"start":{"line":4,"column":63},"end":{"line":9,"column":5}},"line":4},"4":{"name":"fulfilled","decl":{"start":{"line":5,"column":17},"end":{"line":5,"column":26}},"loc":{"start":{"line":5,"column":34},"end":{"line":5,"column":99}},"line":5},"5":{"name":"rejected","decl":{"start":{"line":6,"column":17},"end":{"line":6,"column":25}},"loc":{"start":{"line":6,"column":33},"end":{"line":6,"column":102}},"line":6},"6":{"name":"step","decl":{"start":{"line":7,"column":17},"end":{"line":7,"column":21}},"loc":{"start":{"line":7,"column":30},"end":{"line":7,"column":118}},"line":7},"7":{"name":"(anonymous_7)","decl":{"start":{"line":11,"column":56},"end":{"line":11,"column":57}},"loc":{"start":{"line":11,"column":71},"end":{"line":13,"column":1}},"line":11},"8":{"name":"(anonymous_8)","decl":{"start":{"line":16,"column":19},"end":{"line":16,"column":20}},"loc":{"start":{"line":16,"column":33},"end":{"line":51,"column":2}},"line":16},"9":{"name":"(anonymous_9)","decl":{"start":{"line":16,"column":67},"end":{"line":16,"column":68}},"loc":{"start":{"line":16,"column":80},"end":{"line":51,"column":1}},"line":16}},"branchMap":{"0":{"loc":{"start":{"line":2,"column":16},"end":{"line":10,"column":1}},"type":"binary-expr","locations":[{"start":{"line":2,"column":17},"end":{"line":2,"column":21}},{"start":{"line":2,"column":25},"end":{"line":2,"column":39}},{"start":{"line":2,"column":44},"end":{"line":10,"column":1}}],"line":2},"1":{"loc":{"start":{"line":3,"column":35},"end":{"line":3,"column":109}},"type":"cond-expr","locations":[{"start":{"line":3,"column":56},"end":{"line":3,"column":61}},{"start":{"line":3,"column":64},"end":{"line":3,"column":109}}],"line":3},"2":{"loc":{"start":{"line":4,"column":16},"end":{"line":4,"column":34}},"type":"binary-expr","locations":[{"start":{"line":4,"column":16},"end":{"line":4,"column":17}},{"start":{"line":4,"column":22},"end":{"line":4,"column":33}}],"line":4},"3":{"loc":{"start":{"line":7,"column":32},"end":{"line":7,"column":115}},"type":"cond-expr","locations":[{"start":{"line":7,"column":46},"end":{"line":7,"column":67}},{"start":{"line":7,"column":70},"end":{"line":7,"column":115}}],"line":7},"4":{"loc":{"start":{"line":8,"column":51},"end":{"line":8,"column":67}},"type":"binary-expr","locations":[{"start":{"line":8,"column":51},"end":{"line":8,"column":61}},{"start":{"line":8,"column":65},"end":{"line":8,"column":67}}],"line":8},"5":{"loc":{"start":{"line":11,"column":22},"end":{"line":13,"column":1}},"type":"binary-expr","locations":[{"start":{"line":11,"column":23},"end":{"line":11,"column":27}},{"start":{"line":11,"column":31},"end":{"line":11,"column":51}},{"start":{"line":11,"column":56},"end":{"line":13,"column":1}}],"line":11},"6":{"loc":{"start":{"line":12,"column":11},"end":{"line":12,"column":61}},"type":"cond-expr","locations":[{"start":{"line":12,"column":37},"end":{"line":12,"column":40}},{"start":{"line":12,"column":43},"end":{"line":12,"column":61}}],"line":12},"7":{"loc":{"start":{"line":12,"column":12},"end":{"line":12,"column":33}},"type":"binary-expr","locations":[{"start":{"line":12,"column":12},"end":{"line":12,"column":15}},{"start":{"line":12,"column":19},"end":{"line":12,"column":33}}],"line":12},"8":{"loc":{"start":{"line":22,"column":8},"end":{"line":40,"column":9}},"type":"if","locations":[{"start":{"line":22,"column":8},"end":{"line":40,"column":9}},{"start":{"line":30,"column":13},"end":{"line":40,"column":9}}],"line":22}},"s":{"0":1,"1":2,"2":1,"3":1,"4":2,"5":2,"6":0,"7":0,"8":0,"9":0,"10":3,"11":1,"12":1,"13":1,"14":1,"15":1,"16":1,"17":1,"18":1,"19":1,"20":1,"21":1,"22":1,"23":0,"24":1,"25":1,"26":1,"27":1,"28":0,"29":0,"30":1},"f":{"0":1,"1":2,"2":1,"3":1,"4":2,"5":0,"6":3,"7":1,"8":1,"9":1},"b":{"0":[1,1,1],"1":[1,1],"2":[1,1],"3":[1,2],"4":[1,1],"5":[1,1,1],"6":[1,0],"7":[1,1],"8":[0,1]},"inputSourceMap":null,"_coverageSchema":"1a1c01bbd47fc00a2c39e90264f33305004495a9","hash":"1124633cba7e1ec0c7786705b9c04e554b0e6320"}
,"C:\\Users\\hp\\Documents\\Portfoli-backend\\dest\\src\\controllers\\createBlogContoller.js": {"path":"C:\\Users\\hp\\Documents\\Portfoli-backend\\dest\\src\\controllers\\createBlogContoller.js","statementMap":{"0":{"start":{"line":2,"column":16},"end":{"line":10,"column":1}},"1":{"start":{"line":3,"column":28},"end":{"line":3,"column":110}},"2":{"start":{"line":3,"column":91},"end":{"line":3,"column":106}},"3":{"start":{"line":4,"column":4},"end":{"line":9,"column":7}},"4":{"start":{"line":5,"column":36},"end":{"line":5,"column":97}},"5":{"start":{"line":5,"column":42},"end":{"line":5,"column":70}},"6":{"start":{"line":5,"column":85},"end":{"line":5,"column":95}},"7":{"start":{"line":6,"column":35},"end":{"line":6,"column":100}},"8":{"start":{"line":6,"column":41},"end":{"line":6,"column":73}},"9":{"start":{"line":6,"column":88},"end":{"line":6,"column":98}},"10":{"start":{"line":7,"column":32},"end":{"line":7,"column":116}},"11":{"start":{"line":8,"column":8},"end":{"line":8,"column":78}},"12":{"start":{"line":11,"column":22},"end":{"line":13,"column":1}},"13":{"start":{"line":12,"column":4},"end":{"line":12,"column":62}},"14":{"start":{"line":14,"column":0},"end":{"line":14,"column":62}},"15":{"start":{"line":15,"column":25},"end":{"line":15,"column":77}},"16":{"start":{"line":16,"column":17},"end":{"line":16,"column":51}},"17":{"start":{"line":18,"column":16},"end":{"line":25,"column":2}},"18":{"start":{"line":20,"column":8},"end":{"line":20,"column":29}},"19":{"start":{"line":23,"column":8},"end":{"line":23,"column":55}},"20":{"start":{"line":27,"column":15},"end":{"line":27,"column":74}},"21":{"start":{"line":28,"column":19},"end":{"line":83,"column":2}},"22":{"start":{"line":28,"column":33},"end":{"line":83,"column":2}},"23":{"start":{"line":29,"column":4},"end":{"line":82,"column":5}},"24":{"start":{"line":31,"column":8},"end":{"line":72,"column":12}},"25":{"start":{"line":31,"column":34},"end":{"line":72,"column":10}},"26":{"start":{"line":32,"column":12},"end":{"line":40,"column":13}},"27":{"start":{"line":33,"column":16},"end":{"line":33,"column":35}},"28":{"start":{"line":34,"column":16},"end":{"line":39,"column":19}},"29":{"start":{"line":41,"column":45},"end":{"line":41,"column":53}},"30":{"start":{"line":43,"column":12},"end":{"line":47,"column":13}},"31":{"start":{"line":44,"column":16},"end":{"line":46,"column":19}},"32":{"start":{"line":49,"column":33},"end":{"line":49,"column":82}},"33":{"start":{"line":50,"column":12},"end":{"line":57,"column":13}},"34":{"start":{"line":51,"column":16},"end":{"line":56,"column":19}},"35":{"start":{"line":59,"column":28},"end":{"line":64,"column":14}},"36":{"start":{"line":65,"column":12},"end":{"line":65,"column":33}},"37":{"start":{"line":66,"column":12},"end":{"line":71,"column":15}},"38":{"start":{"line":75,"column":8},"end":{"line":75,"column":27}},"39":{"start":{"line":76,"column":8},"end":{"line":81,"column":11}},"40":{"start":{"line":84,"column":0},"end":{"line":84,"column":29}}},"fnMap":{"0":{"name":"(anonymous_0)","decl":{"start":{"line":2,"column":44},"end":{"line":2,"column":45}},"loc":{"start":{"line":2,"column":89},"end":{"line":10,"column":1}},"line":2},"1":{"name":"adopt","decl":{"start":{"line":3,"column":13},"end":{"line":3,"column":18}},"loc":{"start":{"line":3,"column":26},"end":{"line":3,"column":112}},"line":3},"2":{"name":"(anonymous_2)","decl":{"start":{"line":3,"column":70},"end":{"line":3,"column":71}},"loc":{"start":{"line":3,"column":89},"end":{"line":3,"column":108}},"line":3},"3":{"name":"(anonymous_3)","decl":{"start":{"line":4,"column":36},"end":{"line":4,"column":37}},"loc":{"start":{"line":4,"column":63},"end":{"line":9,"column":5}},"line":4},"4":{"name":"fulfilled","decl":{"start":{"line":5,"column":17},"end":{"line":5,"column":26}},"loc":{"start":{"line":5,"column":34},"end":{"line":5,"column":99}},"line":5},"5":{"name":"rejected","decl":{"start":{"line":6,"column":17},"end":{"line":6,"column":25}},"loc":{"start":{"line":6,"column":33},"end":{"line":6,"column":102}},"line":6},"6":{"name":"step","decl":{"start":{"line":7,"column":17},"end":{"line":7,"column":21}},"loc":{"start":{"line":7,"column":30},"end":{"line":7,"column":118}},"line":7},"7":{"name":"(anonymous_7)","decl":{"start":{"line":11,"column":56},"end":{"line":11,"column":57}},"loc":{"start":{"line":11,"column":71},"end":{"line":13,"column":1}},"line":11},"8":{"name":"(anonymous_8)","decl":{"start":{"line":19,"column":17},"end":{"line":19,"column":18}},"loc":{"start":{"line":19,"column":36},"end":{"line":21,"column":5}},"line":19},"9":{"name":"(anonymous_9)","decl":{"start":{"line":22,"column":14},"end":{"line":22,"column":15}},"loc":{"start":{"line":22,"column":33},"end":{"line":24,"column":5}},"line":22},"10":{"name":"(anonymous_10)","decl":{"start":{"line":28,"column":19},"end":{"line":28,"column":20}},"loc":{"start":{"line":28,"column":33},"end":{"line":83,"column":2}},"line":28},"11":{"name":"(anonymous_11)","decl":{"start":{"line":28,"column":67},"end":{"line":28,"column":68}},"loc":{"start":{"line":28,"column":80},"end":{"line":83,"column":1}},"line":28},"12":{"name":"(anonymous_12)","decl":{"start":{"line":31,"column":25},"end":{"line":31,"column":26}},"loc":{"start":{"line":31,"column":34},"end":{"line":72,"column":10}},"line":31},"13":{"name":"(anonymous_13)","decl":{"start":{"line":31,"column":68},"end":{"line":31,"column":69}},"loc":{"start":{"line":31,"column":81},"end":{"line":72,"column":9}},"line":31}},"branchMap":{"0":{"loc":{"start":{"line":2,"column":16},"end":{"line":10,"column":1}},"type":"binary-expr","locations":[{"start":{"line":2,"column":17},"end":{"line":2,"column":21}},{"start":{"line":2,"column":25},"end":{"line":2,"column":39}},{"start":{"line":2,"column":44},"end":{"line":10,"column":1}}],"line":2},"1":{"loc":{"start":{"line":3,"column":35},"end":{"line":3,"column":109}},"type":"cond-expr","locations":[{"start":{"line":3,"column":56},"end":{"line":3,"column":61}},{"start":{"line":3,"column":64},"end":{"line":3,"column":109}}],"line":3},"2":{"loc":{"start":{"line":4,"column":16},"end":{"line":4,"column":34}},"type":"binary-expr","locations":[{"start":{"line":4,"column":16},"end":{"line":4,"column":17}},{"start":{"line":4,"column":22},"end":{"line":4,"column":33}}],"line":4},"3":{"loc":{"start":{"line":7,"column":32},"end":{"line":7,"column":115}},"type":"cond-expr","locations":[{"start":{"line":7,"column":46},"end":{"line":7,"column":67}},{"start":{"line":7,"column":70},"end":{"line":7,"column":115}}],"line":7},"4":{"loc":{"start":{"line":8,"column":51},"end":{"line":8,"column":67}},"type":"binary-expr","locations":[{"start":{"line":8,"column":51},"end":{"line":8,"column":61}},{"start":{"line":8,"column":65},"end":{"line":8,"column":67}}],"line":8},"5":{"loc":{"start":{"line":11,"column":22},"end":{"line":13,"column":1}},"type":"binary-expr","locations":[{"start":{"line":11,"column":23},"end":{"line":11,"column":27}},{"start":{"line":11,"column":31},"end":{"line":11,"column":51}},{"start":{"line":11,"column":56},"end":{"line":13,"column":1}}],"line":11},"6":{"loc":{"start":{"line":12,"column":11},"end":{"line":12,"column":61}},"type":"cond-expr","locations":[{"start":{"line":12,"column":37},"end":{"line":12,"column":40}},{"start":{"line":12,"column":43},"end":{"line":12,"column":61}}],"line":12},"7":{"loc":{"start":{"line":12,"column":12},"end":{"line":12,"column":33}},"type":"binary-expr","locations":[{"start":{"line":12,"column":12},"end":{"line":12,"column":15}},{"start":{"line":12,"column":19},"end":{"line":12,"column":33}}],"line":12},"8":{"loc":{"start":{"line":32,"column":12},"end":{"line":40,"column":13}},"type":"if","locations":[{"start":{"line":32,"column":12},"end":{"line":40,"column":13}},{"start":{},"end":{}}],"line":32},"9":{"loc":{"start":{"line":43,"column":12},"end":{"line":47,"column":13}},"type":"if","locations":[{"start":{"line":43,"column":12},"end":{"line":47,"column":13}},{"start":{},"end":{}}],"line":43},"10":{"loc":{"start":{"line":43,"column":16},"end":{"line":43,"column":56}},"type":"binary-expr","locations":[{"start":{"line":43,"column":16},"end":{"line":43,"column":25}},{"start":{"line":43,"column":29},"end":{"line":43,"column":34}},{"start":{"line":43,"column":38},"end":{"line":43,"column":44}},{"start":{"line":43,"column":48},"end":{"line":43,"column":56}}],"line":43},"11":{"loc":{"start":{"line":50,"column":12},"end":{"line":57,"column":13}},"type":"if","locations":[{"start":{"line":50,"column":12},"end":{"line":57,"column":13}},{"start":{},"end":{}}],"line":50}},"s":{"0":1,"1":0,"2":0,"3":0,"4":0,"5":0,"6":0,"7":0,"8":0,"9":0,"10":0,"11":0,"12":1,"13":2,"14":1,"15":1,"16":1,"17":1,"18":0,"19":0,"20":1,"21":1,"22":0,"23":0,"24":0,"25":0,"26":0,"27":0,"28":0,"29":0,"30":0,"31":0,"32":0,"33":0,"34":0,"35":0,"36":0,"37":0,"38":0,"39":0,"40":1},"f":{"0":0,"1":0,"2":0,"3":0,"4":0,"5":0,"6":0,"7":2,"8":0,"9":0,"10":0,"11":0,"12":0,"13":0},"b":{"0":[1,1,1],"1":[0,0],"2":[0,0],"3":[0,0],"4":[0,0],"5":[1,1,1],"6":[1,1],"7":[2,2],"8":[0,0],"9":[0,0],"10":[0,0,0,0],"11":[0,0]},"inputSourceMap":null,"_coverageSchema":"1a1c01bbd47fc00a2c39e90264f33305004495a9","hash":"d10a9d1d0db5480b6caf51f7583d5bdb45836203"}
,"C:\\Users\\hp\\Documents\\Portfoli-backend\\dest\\src\\controllers\\deleteBlogController.js": {"path":"C:\\Users\\hp\\Documents\\Portfoli-backend\\dest\\src\\controllers\\deleteBlogController.js","statementMap":{"0":{"start":{"line":2,"column":16},"end":{"line":10,"column":1}},"1":{"start":{"line":3,"column":28},"end":{"line":3,"column":110}},"2":{"start":{"line":3,"column":91},"end":{"line":3,"column":106}},"3":{"start":{"line":4,"column":4},"end":{"line":9,"column":7}},"4":{"start":{"line":5,"column":36},"end":{"line":5,"column":97}},"5":{"start":{"line":5,"column":42},"end":{"line":5,"column":70}},"6":{"start":{"line":5,"column":85},"end":{"line":5,"column":95}},"7":{"start":{"line":6,"column":35},"end":{"line":6,"column":100}},"8":{"start":{"line":6,"column":41},"end":{"line":6,"column":73}},"9":{"start":{"line":6,"column":88},"end":{"line":6,"column":98}},"10":{"start":{"line":7,"column":32},"end":{"line":7,"column":116}},"11":{"start":{"line":8,"column":8},"end":{"line":8,"column":78}},"12":{"start":{"line":11,"column":22},"end":{"line":13,"column":1}},"13":{"start":{"line":12,"column":4},"end":{"line":12,"column":62}},"14":{"start":{"line":14,"column":0},"end":{"line":14,"column":62}},"15":{"start":{"line":15,"column":0},"end":{"line":15,"column":47}},"16":{"start":{"line":16,"column":25},"end":{"line":16,"column":77}},"17":{"start":{"line":17,"column":18},"end":{"line":47,"column":2}},"18":{"start":{"line":17,"column":32},"end":{"line":47,"column":2}},"19":{"start":{"line":18,"column":4},"end":{"line":46,"column":5}},"20":{"start":{"line":19,"column":22},"end":{"line":19,"column":69}},"21":{"start":{"line":20,"column":8},"end":{"line":36,"column":9}},"22":{"start":{"line":21,"column":12},"end":{"line":26,"column":15}},"23":{"start":{"line":29,"column":12},"end":{"line":29,"column":56}},"24":{"start":{"line":30,"column":12},"end":{"line":35,"column":15}},"25":{"start":{"line":39,"column":8},"end":{"line":39,"column":25}},"26":{"start":{"line":40,"column":8},"end":{"line":45,"column":11}},"27":{"start":{"line":48,"column":0},"end":{"line":48,"column":30}},"28":{"start":{"line":49,"column":18},"end":{"line":80,"column":2}},"29":{"start":{"line":49,"column":32},"end":{"line":80,"column":2}},"30":{"start":{"line":50,"column":4},"end":{"line":79,"column":5}},"31":{"start":{"line":51,"column":26},"end":{"line":51,"column":34}},"32":{"start":{"line":52,"column":22},"end":{"line":52,"column":71}},"33":{"start":{"line":53,"column":8},"end":{"line":69,"column":9}},"34":{"start":{"line":54,"column":12},"end":{"line":59,"column":15}},"35":{"start":{"line":62,"column":12},"end":{"line":62,"column":36}},"36":{"start":{"line":63,"column":12},"end":{"line":68,"column":15}},"37":{"start":{"line":72,"column":8},"end":{"line":72,"column":25}},"38":{"start":{"line":73,"column":8},"end":{"line":78,"column":11}},"39":{"start":{"line":81,"column":0},"end":{"line":81,"column":30}}},"fnMap":{"0":{"name":"(anonymous_0)","decl":{"start":{"line":2,"column":44},"end":{"line":2,"column":45}},"loc":{"start":{"line":2,"column":89},"end":{"line":10,"column":1}},"line":2},"1":{"name":"adopt","decl":{"start":{"line":3,"column":13},"end":{"line":3,"column":18}},"loc":{"start":{"line":3,"column":26},"end":{"line":3,"column":112}},"line":3},"2":{"name":"(anonymous_2)","decl":{"start":{"line":3,"column":70},"end":{"line":3,"column":71}},"loc":{"start":{"line":3,"column":89},"end":{"line":3,"column":108}},"line":3},"3":{"name":"(anonymous_3)","decl":{"start":{"line":4,"column":36},"end":{"line":4,"column":37}},"loc":{"start":{"line":4,"column":63},"end":{"line":9,"column":5}},"line":4},"4":{"name":"fulfilled","decl":{"start":{"line":5,"column":17},"end":{"line":5,"column":26}},"loc":{"start":{"line":5,"column":34},"end":{"line":5,"column":99}},"line":5},"5":{"name":"rejected","decl":{"start":{"line":6,"column":17},"end":{"line":6,"column":25}},"loc":{"start":{"line":6,"column":33},"end":{"line":6,"column":102}},"line":6},"6":{"name":"step","decl":{"start":{"line":7,"column":17},"end":{"line":7,"column":21}},"loc":{"start":{"line":7,"column":30},"end":{"line":7,"column":118}},"line":7},"7":{"name":"(anonymous_7)","decl":{"start":{"line":11,"column":56},"end":{"line":11,"column":57}},"loc":{"start":{"line":11,"column":71},"end":{"line":13,"column":1}},"line":11},"8":{"name":"(anonymous_8)","decl":{"start":{"line":17,"column":18},"end":{"line":17,"column":19}},"loc":{"start":{"line":17,"column":32},"end":{"line":47,"column":2}},"line":17},"9":{"name":"(anonymous_9)","decl":{"start":{"line":17,"column":66},"end":{"line":17,"column":67}},"loc":{"start":{"line":17,"column":79},"end":{"line":47,"column":1}},"line":17},"10":{"name":"(anonymous_10)","decl":{"start":{"line":49,"column":18},"end":{"line":49,"column":19}},"loc":{"start":{"line":49,"column":32},"end":{"line":80,"column":2}},"line":49},"11":{"name":"(anonymous_11)","decl":{"start":{"line":49,"column":66},"end":{"line":49,"column":67}},"loc":{"start":{"line":49,"column":79},"end":{"line":80,"column":1}},"line":49}},"branchMap":{"0":{"loc":{"start":{"line":2,"column":16},"end":{"line":10,"column":1}},"type":"binary-expr","locations":[{"start":{"line":2,"column":17},"end":{"line":2,"column":21}},{"start":{"line":2,"column":25},"end":{"line":2,"column":39}},{"start":{"line":2,"column":44},"end":{"line":10,"column":1}}],"line":2},"1":{"loc":{"start":{"line":3,"column":35},"end":{"line":3,"column":109}},"type":"cond-expr","locations":[{"start":{"line":3,"column":56},"end":{"line":3,"column":61}},{"start":{"line":3,"column":64},"end":{"line":3,"column":109}}],"line":3},"2":{"loc":{"start":{"line":4,"column":16},"end":{"line":4,"column":34}},"type":"binary-expr","locations":[{"start":{"line":4,"column":16},"end":{"line":4,"column":17}},{"start":{"line":4,"column":22},"end":{"line":4,"column":33}}],"line":4},"3":{"loc":{"start":{"line":7,"column":32},"end":{"line":7,"column":115}},"type":"cond-expr","locations":[{"start":{"line":7,"column":46},"end":{"line":7,"column":67}},{"start":{"line":7,"column":70},"end":{"line":7,"column":115}}],"line":7},"4":{"loc":{"start":{"line":8,"column":51},"end":{"line":8,"column":67}},"type":"binary-expr","locations":[{"start":{"line":8,"column":51},"end":{"line":8,"column":61}},{"start":{"line":8,"column":65},"end":{"line":8,"column":67}}],"line":8},"5":{"loc":{"start":{"line":11,"column":22},"end":{"line":13,"column":1}},"type":"binary-expr","locations":[{"start":{"line":11,"column":23},"end":{"line":11,"column":27}},{"start":{"line":11,"column":31},"end":{"line":11,"column":51}},{"start":{"line":11,"column":56},"end":{"line":13,"column":1}}],"line":11},"6":{"loc":{"start":{"line":12,"column":11},"end":{"line":12,"column":61}},"type":"cond-expr","locations":[{"start":{"line":12,"column":37},"end":{"line":12,"column":40}},{"start":{"line":12,"column":43},"end":{"line":12,"column":61}}],"line":12},"7":{"loc":{"start":{"line":12,"column":12},"end":{"line":12,"column":33}},"type":"binary-expr","locations":[{"start":{"line":12,"column":12},"end":{"line":12,"column":15}},{"start":{"line":12,"column":19},"end":{"line":12,"column":33}}],"line":12},"8":{"loc":{"start":{"line":20,"column":8},"end":{"line":36,"column":9}},"type":"if","locations":[{"start":{"line":20,"column":8},"end":{"line":36,"column":9}},{"start":{"line":28,"column":13},"end":{"line":36,"column":9}}],"line":20},"9":{"loc":{"start":{"line":53,"column":8},"end":{"line":69,"column":9}},"type":"if","locations":[{"start":{"line":53,"column":8},"end":{"line":69,"column":9}},{"start":{"line":61,"column":13},"end":{"line":69,"column":9}}],"line":53}},"s":{"0":1,"1":0,"2":0,"3":0,"4":0,"5":0,"6":0,"7":0,"8":0,"9":0,"10":0,"11":0,"12":1,"13":1,"14":1,"15":1,"16":1,"17":1,"18":0,"19":0,"20":0,"21":0,"22":0,"23":0,"24":0,"25":0,"26":0,"27":1,"28":1,"29":0,"30":0,"31":0,"32":0,"33":0,"34":0,"35":0,"36":0,"37":0,"38":0,"39":1},"f":{"0":0,"1":0,"2":0,"3":0,"4":0,"5":0,"6":0,"7":1,"8":0,"9":0,"10":0,"11":0},"b":{"0":[1,1,1],"1":[0,0],"2":[0,0],"3":[0,0],"4":[0,0],"5":[1,1,1],"6":[1,0],"7":[1,1],"8":[0,0],"9":[0,0]},"inputSourceMap":null,"_coverageSchema":"1a1c01bbd47fc00a2c39e90264f33305004495a9","hash":"936654871d7727d7271cf0e9079d3839651a7980"}
,"C:\\Users\\hp\\Documents\\Portfoli-backend\\dest\\src\\controllers\\readBlogController.js": {"path":"C:\\Users\\hp\\Documents\\Portfoli-backend\\dest\\src\\controllers\\readBlogController.js","statementMap":{"0":{"start":{"line":2,"column":16},"end":{"line":10,"column":1}},"1":{"start":{"line":3,"column":28},"end":{"line":3,"column":110}},"2":{"start":{"line":3,"column":91},"end":{"line":3,"column":106}},"3":{"start":{"line":4,"column":4},"end":{"line":9,"column":7}},"4":{"start":{"line":5,"column":36},"end":{"line":5,"column":97}},"5":{"start":{"line":5,"column":42},"end":{"line":5,"column":70}},"6":{"start":{"line":5,"column":85},"end":{"line":5,"column":95}},"7":{"start":{"line":6,"column":35},"end":{"line":6,"column":100}},"8":{"start":{"line":6,"column":41},"end":{"line":6,"column":73}},"9":{"start":{"line":6,"column":88},"end":{"line":6,"column":98}},"10":{"start":{"line":7,"column":32},"end":{"line":7,"column":116}},"11":{"start":{"line":8,"column":8},"end":{"line":8,"column":78}},"12":{"start":{"line":11,"column":22},"end":{"line":13,"column":1}},"13":{"start":{"line":12,"column":4},"end":{"line":12,"column":62}},"14":{"start":{"line":14,"column":0},"end":{"line":14,"column":62}},"15":{"start":{"line":15,"column":0},"end":{"line":15,"column":43}},"16":{"start":{"line":16,"column":25},"end":{"line":16,"column":77}},"17":{"start":{"line":17,"column":16},"end":{"line":46,"column":2}},"18":{"start":{"line":17,"column":30},"end":{"line":46,"column":2}},"19":{"start":{"line":18,"column":4},"end":{"line":45,"column":5}},"20":{"start":{"line":19,"column":24},"end":{"line":19,"column":61}},"21":{"start":{"line":20,"column":8},"end":{"line":35,"column":9}},"22":{"start":{"line":21,"column":12},"end":{"line":26,"column":15}},"23":{"start":{"line":29,"column":12},"end":{"line":34,"column":15}},"24":{"start":{"line":38,"column":8},"end":{"line":38,"column":25}},"25":{"start":{"line":39,"column":8},"end":{"line":44,"column":11}},"26":{"start":{"line":47,"column":0},"end":{"line":47,"column":26}},"27":{"start":{"line":48,"column":16},"end":{"line":78,"column":2}},"28":{"start":{"line":48,"column":30},"end":{"line":78,"column":2}},"29":{"start":{"line":49,"column":4},"end":{"line":77,"column":5}},"30":{"start":{"line":50,"column":26},"end":{"line":50,"column":34}},"31":{"start":{"line":51,"column":25},"end":{"line":51,"column":74}},"32":{"start":{"line":52,"column":8},"end":{"line":67,"column":9}},"33":{"start":{"line":53,"column":12},"end":{"line":58,"column":15}},"34":{"start":{"line":61,"column":12},"end":{"line":66,"column":15}},"35":{"start":{"line":70,"column":8},"end":{"line":70,"column":25}},"36":{"start":{"line":71,"column":8},"end":{"line":76,"column":11}},"37":{"start":{"line":79,"column":0},"end":{"line":79,"column":26}}},"fnMap":{"0":{"name":"(anonymous_0)","decl":{"start":{"line":2,"column":44},"end":{"line":2,"column":45}},"loc":{"start":{"line":2,"column":89},"end":{"line":10,"column":1}},"line":2},"1":{"name":"adopt","decl":{"start":{"line":3,"column":13},"end":{"line":3,"column":18}},"loc":{"start":{"line":3,"column":26},"end":{"line":3,"column":112}},"line":3},"2":{"name":"(anonymous_2)","decl":{"start":{"line":3,"column":70},"end":{"line":3,"column":71}},"loc":{"start":{"line":3,"column":89},"end":{"line":3,"column":108}},"line":3},"3":{"name":"(anonymous_3)","decl":{"start":{"line":4,"column":36},"end":{"line":4,"column":37}},"loc":{"start":{"line":4,"column":63},"end":{"line":9,"column":5}},"line":4},"4":{"name":"fulfilled","decl":{"start":{"line":5,"column":17},"end":{"line":5,"column":26}},"loc":{"start":{"line":5,"column":34},"end":{"line":5,"column":99}},"line":5},"5":{"name":"rejected","decl":{"start":{"line":6,"column":17},"end":{"line":6,"column":25}},"loc":{"start":{"line":6,"column":33},"end":{"line":6,"column":102}},"line":6},"6":{"name":"step","decl":{"start":{"line":7,"column":17},"end":{"line":7,"column":21}},"loc":{"start":{"line":7,"column":30},"end":{"line":7,"column":118}},"line":7},"7":{"name":"(anonymous_7)","decl":{"start":{"line":11,"column":56},"end":{"line":11,"column":57}},"loc":{"start":{"line":11,"column":71},"end":{"line":13,"column":1}},"line":11},"8":{"name":"(anonymous_8)","decl":{"start":{"line":17,"column":16},"end":{"line":17,"column":17}},"loc":{"start":{"line":17,"column":30},"end":{"line":46,"column":2}},"line":17},"9":{"name":"(anonymous_9)","decl":{"start":{"line":17,"column":64},"end":{"line":17,"column":65}},"loc":{"start":{"line":17,"column":77},"end":{"line":46,"column":1}},"line":17},"10":{"name":"(anonymous_10)","decl":{"start":{"line":48,"column":16},"end":{"line":48,"column":17}},"loc":{"start":{"line":48,"column":30},"end":{"line":78,"column":2}},"line":48},"11":{"name":"(anonymous_11)","decl":{"start":{"line":48,"column":64},"end":{"line":48,"column":65}},"loc":{"start":{"line":48,"column":77},"end":{"line":78,"column":1}},"line":48}},"branchMap":{"0":{"loc":{"start":{"line":2,"column":16},"end":{"line":10,"column":1}},"type":"binary-expr","locations":[{"start":{"line":2,"column":17},"end":{"line":2,"column":21}},{"start":{"line":2,"column":25},"end":{"line":2,"column":39}},{"start":{"line":2,"column":44},"end":{"line":10,"column":1}}],"line":2},"1":{"loc":{"start":{"line":3,"column":35},"end":{"line":3,"column":109}},"type":"cond-expr","locations":[{"start":{"line":3,"column":56},"end":{"line":3,"column":61}},{"start":{"line":3,"column":64},"end":{"line":3,"column":109}}],"line":3},"2":{"loc":{"start":{"line":4,"column":16},"end":{"line":4,"column":34}},"type":"binary-expr","locations":[{"start":{"line":4,"column":16},"end":{"line":4,"column":17}},{"start":{"line":4,"column":22},"end":{"line":4,"column":33}}],"line":4},"3":{"loc":{"start":{"line":7,"column":32},"end":{"line":7,"column":115}},"type":"cond-expr","locations":[{"start":{"line":7,"column":46},"end":{"line":7,"column":67}},{"start":{"line":7,"column":70},"end":{"line":7,"column":115}}],"line":7},"4":{"loc":{"start":{"line":8,"column":51},"end":{"line":8,"column":67}},"type":"binary-expr","locations":[{"start":{"line":8,"column":51},"end":{"line":8,"column":61}},{"start":{"line":8,"column":65},"end":{"line":8,"column":67}}],"line":8},"5":{"loc":{"start":{"line":11,"column":22},"end":{"line":13,"column":1}},"type":"binary-expr","locations":[{"start":{"line":11,"column":23},"end":{"line":11,"column":27}},{"start":{"line":11,"column":31},"end":{"line":11,"column":51}},{"start":{"line":11,"column":56},"end":{"line":13,"column":1}}],"line":11},"6":{"loc":{"start":{"line":12,"column":11},"end":{"line":12,"column":61}},"type":"cond-expr","locations":[{"start":{"line":12,"column":37},"end":{"line":12,"column":40}},{"start":{"line":12,"column":43},"end":{"line":12,"column":61}}],"line":12},"7":{"loc":{"start":{"line":12,"column":12},"end":{"line":12,"column":33}},"type":"binary-expr","locations":[{"start":{"line":12,"column":12},"end":{"line":12,"column":15}},{"start":{"line":12,"column":19},"end":{"line":12,"column":33}}],"line":12},"8":{"loc":{"start":{"line":20,"column":8},"end":{"line":35,"column":9}},"type":"if","locations":[{"start":{"line":20,"column":8},"end":{"line":35,"column":9}},{"start":{"line":28,"column":13},"end":{"line":35,"column":9}}],"line":20},"9":{"loc":{"start":{"line":52,"column":8},"end":{"line":67,"column":9}},"type":"if","locations":[{"start":{"line":52,"column":8},"end":{"line":67,"column":9}},{"start":{"line":60,"column":13},"end":{"line":67,"column":9}}],"line":52}},"s":{"0":1,"1":2,"2":2,"3":2,"4":2,"5":2,"6":0,"7":0,"8":0,"9":0,"10":4,"11":2,"12":1,"13":1,"14":1,"15":1,"16":1,"17":1,"18":1,"19":1,"20":1,"21":1,"22":0,"23":1,"24":0,"25":0,"26":1,"27":1,"28":1,"29":1,"30":1,"31":1,"32":1,"33":0,"34":1,"35":0,"36":0,"37":1},"f":{"0":2,"1":2,"2":2,"3":2,"4":2,"5":0,"6":4,"7":1,"8":1,"9":1,"10":1,"11":1},"b":{"0":[1,1,1],"1":[0,2],"2":[2,2],"3":[2,2],"4":[2,2],"5":[1,1,1],"6":[1,0],"7":[1,1],"8":[0,1],"9":[0,1]},"inputSourceMap":null,"_coverageSchema":"1a1c01bbd47fc00a2c39e90264f33305004495a9","hash":"9aabc183c60f1b91bd9d36788574c110fe4ffc9e"}
,"C:\\Users\\hp\\Documents\\Portfoli-backend\\dest\\src\\controllers\\updateBlogController.js": {"path":"C:\\Users\\hp\\Documents\\Portfoli-backend\\dest\\src\\controllers\\updateBlogController.js","statementMap":{"0":{"start":{"line":2,"column":16},"end":{"line":10,"column":1}},"1":{"start":{"line":3,"column":28},"end":{"line":3,"column":110}},"2":{"start":{"line":3,"column":91},"end":{"line":3,"column":106}},"3":{"start":{"line":4,"column":4},"end":{"line":9,"column":7}},"4":{"start":{"line":5,"column":36},"end":{"line":5,"column":97}},"5":{"start":{"line":5,"column":42},"end":{"line":5,"column":70}},"6":{"start":{"line":5,"column":85},"end":{"line":5,"column":95}},"7":{"start":{"line":6,"column":35},"end":{"line":6,"column":100}},"8":{"start":{"line":6,"column":41},"end":{"line":6,"column":73}},"9":{"start":{"line":6,"column":88},"end":{"line":6,"column":98}},"10":{"start":{"line":7,"column":32},"end":{"line":7,"column":116}},"11":{"start":{"line":8,"column":8},"end":{"line":8,"column":78}},"12":{"start":{"line":11,"column":22},"end":{"line":13,"column":1}},"13":{"start":{"line":12,"column":4},"end":{"line":12,"column":62}},"14":{"start":{"line":14,"column":0},"end":{"line":14,"column":62}},"15":{"start":{"line":15,"column":25},"end":{"line":15,"column":77}},"16":{"start":{"line":16,"column":19},"end":{"line":57,"column":2}},"17":{"start":{"line":16,"column":33},"end":{"line":57,"column":2}},"18":{"start":{"line":17,"column":4},"end":{"line":56,"column":5}},"19":{"start":{"line":18,"column":26},"end":{"line":18,"column":34}},"20":{"start":{"line":19,"column":51},"end":{"line":19,"column":59}},"21":{"start":{"line":20,"column":22},"end":{"line":20,"column":78}},"22":{"start":{"line":21,"column":8},"end":{"line":46,"column":9}},"23":{"start":{"line":22,"column":12},"end":{"line":27,"column":15}},"24":{"start":{"line":31,"column":12},"end":{"line":32,"column":39}},"25":{"start":{"line":32,"column":16},"end":{"line":32,"column":39}},"26":{"start":{"line":33,"column":12},"end":{"line":34,"column":36}},"27":{"start":{"line":34,"column":16},"end":{"line":34,"column":36}},"28":{"start":{"line":35,"column":12},"end":{"line":36,"column":34}},"29":{"start":{"line":36,"column":16},"end":{"line":36,"column":34}},"30":{"start":{"line":37,"column":12},"end":{"line":38,"column":40}},"31":{"start":{"line":38,"column":16},"end":{"line":38,"column":40}},"32":{"start":{"line":39,"column":12},"end":{"line":39,"column":31}},"33":{"start":{"line":40,"column":12},"end":{"line":45,"column":15}},"34":{"start":{"line":49,"column":8},"end":{"line":49,"column":25}},"35":{"start":{"line":50,"column":8},"end":{"line":55,"column":11}},"36":{"start":{"line":58,"column":0},"end":{"line":58,"column":29}}},"fnMap":{"0":{"name":"(anonymous_0)","decl":{"start":{"line":2,"column":44},"end":{"line":2,"column":45}},"loc":{"start":{"line":2,"column":89},"end":{"line":10,"column":1}},"line":2},"1":{"name":"adopt","decl":{"start":{"line":3,"column":13},"end":{"line":3,"column":18}},"loc":{"start":{"line":3,"column":26},"end":{"line":3,"column":112}},"line":3},"2":{"name":"(anonymous_2)","decl":{"start":{"line":3,"column":70},"end":{"line":3,"column":71}},"loc":{"start":{"line":3,"column":89},"end":{"line":3,"column":108}},"line":3},"3":{"name":"(anonymous_3)","decl":{"start":{"line":4,"column":36},"end":{"line":4,"column":37}},"loc":{"start":{"line":4,"column":63},"end":{"line":9,"column":5}},"line":4},"4":{"name":"fulfilled","decl":{"start":{"line":5,"column":17},"end":{"line":5,"column":26}},"loc":{"start":{"line":5,"column":34},"end":{"line":5,"column":99}},"line":5},"5":{"name":"rejected","decl":{"start":{"line":6,"column":17},"end":{"line":6,"column":25}},"loc":{"start":{"line":6,"column":33},"end":{"line":6,"column":102}},"line":6},"6":{"name":"step","decl":{"start":{"line":7,"column":17},"end":{"line":7,"column":21}},"loc":{"start":{"line":7,"column":30},"end":{"line":7,"column":118}},"line":7},"7":{"name":"(anonymous_7)","decl":{"start":{"line":11,"column":56},"end":{"line":11,"column":57}},"loc":{"start":{"line":11,"column":71},"end":{"line":13,"column":1}},"line":11},"8":{"name":"(anonymous_8)","decl":{"start":{"line":16,"column":19},"end":{"line":16,"column":20}},"loc":{"start":{"line":16,"column":33},"end":{"line":57,"column":2}},"line":16},"9":{"name":"(anonymous_9)","decl":{"start":{"line":16,"column":67},"end":{"line":16,"column":68}},"loc":{"start":{"line":16,"column":80},"end":{"line":57,"column":1}},"line":16}},"branchMap":{"0":{"loc":{"start":{"line":2,"column":16},"end":{"line":10,"column":1}},"type":"binary-expr","locations":[{"start":{"line":2,"column":17},"end":{"line":2,"column":21}},{"start":{"line":2,"column":25},"end":{"line":2,"column":39}},{"start":{"line":2,"column":44},"end":{"line":10,"column":1}}],"line":2},"1":{"loc":{"start":{"line":3,"column":35},"end":{"line":3,"column":109}},"type":"cond-expr","locations":[{"start":{"line":3,"column":56},"end":{"line":3,"column":61}},{"start":{"line":3,"column":64},"end":{"line":3,"column":109}}],"line":3},"2":{"loc":{"start":{"line":4,"column":16},"end":{"line":4,"column":34}},"type":"binary-expr","locations":[{"start":{"line":4,"column":16},"end":{"line":4,"column":17}},{"start":{"line":4,"column":22},"end":{"line":4,"column":33}}],"line":4},"3":{"loc":{"start":{"line":7,"column":32},"end":{"line":7,"column":115}},"type":"cond-expr","locations":[{"start":{"line":7,"column":46},"end":{"line":7,"column":67}},{"start":{"line":7,"column":70},"end":{"line":7,"column":115}}],"line":7},"4":{"loc":{"start":{"line":8,"column":51},"end":{"line":8,"column":67}},"type":"binary-expr","locations":[{"start":{"line":8,"column":51},"end":{"line":8,"column":61}},{"start":{"line":8,"column":65},"end":{"line":8,"column":67}}],"line":8},"5":{"loc":{"start":{"line":11,"column":22},"end":{"line":13,"column":1}},"type":"binary-expr","locations":[{"start":{"line":11,"column":23},"end":{"line":11,"column":27}},{"start":{"line":11,"column":31},"end":{"line":11,"column":51}},{"start":{"line":11,"column":56},"end":{"line":13,"column":1}}],"line":11},"6":{"loc":{"start":{"line":12,"column":11},"end":{"line":12,"column":61}},"type":"cond-expr","locations":[{"start":{"line":12,"column":37},"end":{"line":12,"column":40}},{"start":{"line":12,"column":43},"end":{"line":12,"column":61}}],"line":12},"7":{"loc":{"start":{"line":12,"column":12},"end":{"line":12,"column":33}},"type":"binary-expr","locations":[{"start":{"line":12,"column":12},"end":{"line":12,"column":15}},{"start":{"line":12,"column":19},"end":{"line":12,"column":33}}],"line":12},"8":{"loc":{"start":{"line":21,"column":8},"end":{"line":46,"column":9}},"type":"if","locations":[{"start":{"line":21,"column":8},"end":{"line":46,"column":9}},{"start":{"line":29,"column":13},"end":{"line":46,"column":9}}],"line":21},"9":{"loc":{"start":{"line":31,"column":12},"end":{"line":32,"column":39}},"type":"if","locations":[{"start":{"line":31,"column":12},"end":{"line":32,"column":39}},{"start":{},"end":{}}],"line":31},"10":{"loc":{"start":{"line":33,"column":12},"end":{"line":34,"column":36}},"type":"if","locations":[{"start":{"line":33,"column":12},"end":{"line":34,"column":36}},{"start":{},"end":{}}],"line":33},"11":{"loc":{"start":{"line":35,"column":12},"end":{"line":36,"column":34}},"type":"if","locations":[{"start":{"line":35,"column":12},"end":{"line":36,"column":34}},{"start":{},"end":{}}],"line":35},"12":{"loc":{"start":{"line":37,"column":12},"end":{"line":38,"column":40}},"type":"if","locations":[{"start":{"line":37,"column":12},"end":{"line":38,"column":40}},{"start":{},"end":{}}],"line":37}},"s":{"0":1,"1":2,"2":1,"3":1,"4":2,"5":2,"6":0,"7":0,"8":0,"9":0,"10":3,"11":1,"12":1,"13":1,"14":1,"15":1,"16":1,"17":1,"18":1,"19":1,"20":1,"21":1,"22":1,"23":0,"24":1,"25":0,"26":1,"27":0,"28":1,"29":0,"30":1,"31":1,"32":1,"33":1,"34":0,"35":0,"36":1},"f":{"0":1,"1":2,"2":1,"3":1,"4":2,"5":0,"6":3,"7":1,"8":1,"9":1},"b":{"0":[1,1,1],"1":[1,1],"2":[1,1],"3":[1,2],"4":[1,1],"5":[1,1,1],"6":[1,0],"7":[1,1],"8":[0,1],"9":[0,1],"10":[0,1],"11":[0,1],"12":[1,0]},"inputSourceMap":null,"_coverageSchema":"1a1c01bbd47fc00a2c39e90264f33305004495a9","hash":"49158ce9950befbe93bb050bcbda3fbcd166c29e"}
,"C:\\Users\\hp\\Documents\\Portfoli-backend\\dest\\src\\controllers\\userController.js": {"path":"C:\\Users\\hp\\Documents\\Portfoli-backend\\dest\\src\\controllers\\userController.js","statementMap":{"0":{"start":{"line":2,"column":16},"end":{"line":10,"column":1}},"1":{"start":{"line":3,"column":28},"end":{"line":3,"column":110}},"2":{"start":{"line":3,"column":91},"end":{"line":3,"column":106}},"3":{"start":{"line":4,"column":4},"end":{"line":9,"column":7}},"4":{"start":{"line":5,"column":36},"end":{"line":5,"column":97}},"5":{"start":{"line":5,"column":42},"end":{"line":5,"column":70}},"6":{"start":{"line":5,"column":85},"end":{"line":5,"column":95}},"7":{"start":{"line":6,"column":35},"end":{"line":6,"column":100}},"8":{"start":{"line":6,"column":41},"end":{"line":6,"column":73}},"9":{"start":{"line":6,"column":88},"end":{"line":6,"column":98}},"10":{"start":{"line":7,"column":32},"end":{"line":7,"column":116}},"11":{"start":{"line":8,"column":8},"end":{"line":8,"column":78}},"12":{"start":{"line":11,"column":22},"end":{"line":13,"column":1}},"13":{"start":{"line":12,"column":4},"end":{"line":12,"column":62}},"14":{"start":{"line":14,"column":0},"end":{"line":14,"column":62}},"15":{"start":{"line":15,"column":0},"end":{"line":15,"column":60}},"16":{"start":{"line":16,"column":20},"end":{"line":16,"column":67}},"17":{"start":{"line":17,"column":17},"end":{"line":17,"column":51}},"18":{"start":{"line":18,"column":23},"end":{"line":18,"column":63}},"19":{"start":{"line":19,"column":17},"end":{"line":19,"column":51}},"20":{"start":{"line":20,"column":0},"end":{"line":20,"column":26}},"21":{"start":{"line":21,"column":25},"end":{"line":66,"column":2}},"22":{"start":{"line":21,"column":39},"end":{"line":66,"column":2}},"23":{"start":{"line":22,"column":4},"end":{"line":65,"column":5}},"24":{"start":{"line":23,"column":21},"end":{"line":23,"column":29}},"25":{"start":{"line":24,"column":8},"end":{"line":31,"column":9}},"26":{"start":{"line":25,"column":12},"end":{"line":30,"column":15}},"27":{"start":{"line":32,"column":21},"end":{"line":32,"column":54}},"28":{"start":{"line":33,"column":31},"end":{"line":33,"column":79}},"29":{"start":{"line":34,"column":8},"end":{"line":34,"column":39}},"30":{"start":{"line":35,"column":29},"end":{"line":35,"column":85}},"31":{"start":{"line":36,"column":8},"end":{"line":57,"column":9}},"32":{"start":{"line":37,"column":12},"end":{"line":42,"column":15}},"33":{"start":{"line":45,"column":27},"end":{"line":49,"column":14}},"34":{"start":{"line":50,"column":12},"end":{"line":50,"column":34}},"35":{"start":{"line":51,"column":12},"end":{"line":56,"column":15}},"36":{"start":{"line":60,"column":8},"end":{"line":60,"column":40}},"37":{"start":{"line":61,"column":8},"end":{"line":64,"column":11}},"38":{"start":{"line":67,"column":0},"end":{"line":67,"column":44}},"39":{"start":{"line":68,"column":24},"end":{"line":138,"column":2}},"40":{"start":{"line":68,"column":38},"end":{"line":138,"column":2}},"41":{"start":{"line":69,"column":4},"end":{"line":137,"column":5}},"42":{"start":{"line":70,"column":36},"end":{"line":70,"column":44}},"43":{"start":{"line":72,"column":8},"end":{"line":127,"column":9}},"44":{"start":{"line":73,"column":12},"end":{"line":78,"column":15}},"45":{"start":{"line":81,"column":25},"end":{"line":81,"column":69}},"46":{"start":{"line":82,"column":12},"end":{"line":126,"column":13}},"47":{"start":{"line":83,"column":16},"end":{"line":88,"column":19}},"48":{"start":{"line":92,"column":16},"end":{"line":125,"column":17}},"49":{"start":{"line":93,"column":20},"end":{"line":98,"column":23}},"50":{"start":{"line":101,"column":41},"end":{"line":101,"column":96}},"51":{"start":{"line":102,"column":20},"end":{"line":124,"column":21}},"52":{"start":{"line":103,"column":39},"end":{"line":103,"column":60}},"53":{"start":{"line":104,"column":24},"end":{"line":107,"column":25}},"54":{"start":{"line":105,"column":28},"end":{"line":105,"column":67}},"55":{"start":{"line":106,"column":28},"end":{"line":106,"column":43}},"56":{"start":{"line":108,"column":38},"end":{"line":108,"column":112}},"57":{"start":{"line":109,"column":24},"end":{"line":115,"column":27}},"58":{"start":{"line":118,"column":24},"end":{"line":123,"column":27}},"59":{"start":{"line":130,"column":8},"end":{"line":130,"column":25}},"60":{"start":{"line":131,"column":8},"end":{"line":136,"column":11}},"61":{"start":{"line":139,"column":0},"end":{"line":139,"column":42}}},"fnMap":{"0":{"name":"(anonymous_0)","decl":{"start":{"line":2,"column":44},"end":{"line":2,"column":45}},"loc":{"start":{"line":2,"column":89},"end":{"line":10,"column":1}},"line":2},"1":{"name":"adopt","decl":{"start":{"line":3,"column":13},"end":{"line":3,"column":18}},"loc":{"start":{"line":3,"column":26},"end":{"line":3,"column":112}},"line":3},"2":{"name":"(anonymous_2)","decl":{"start":{"line":3,"column":70},"end":{"line":3,"column":71}},"loc":{"start":{"line":3,"column":89},"end":{"line":3,"column":108}},"line":3},"3":{"name":"(anonymous_3)","decl":{"start":{"line":4,"column":36},"end":{"line":4,"column":37}},"loc":{"start":{"line":4,"column":63},"end":{"line":9,"column":5}},"line":4},"4":{"name":"fulfilled","decl":{"start":{"line":5,"column":17},"end":{"line":5,"column":26}},"loc":{"start":{"line":5,"column":34},"end":{"line":5,"column":99}},"line":5},"5":{"name":"rejected","decl":{"start":{"line":6,"column":17},"end":{"line":6,"column":25}},"loc":{"start":{"line":6,"column":33},"end":{"line":6,"column":102}},"line":6},"6":{"name":"step","decl":{"start":{"line":7,"column":17},"end":{"line":7,"column":21}},"loc":{"start":{"line":7,"column":30},"end":{"line":7,"column":118}},"line":7},"7":{"name":"(anonymous_7)","decl":{"start":{"line":11,"column":56},"end":{"line":11,"column":57}},"loc":{"start":{"line":11,"column":71},"end":{"line":13,"column":1}},"line":11},"8":{"name":"(anonymous_8)","decl":{"start":{"line":21,"column":25},"end":{"line":21,"column":26}},"loc":{"start":{"line":21,"column":39},"end":{"line":66,"column":2}},"line":21},"9":{"name":"(anonymous_9)","decl":{"start":{"line":21,"column":73},"end":{"line":21,"column":74}},"loc":{"start":{"line":21,"column":86},"end":{"line":66,"column":1}},"line":21},"10":{"name":"(anonymous_10)","decl":{"start":{"line":68,"column":24},"end":{"line":68,"column":25}},"loc":{"start":{"line":68,"column":38},"end":{"line":138,"column":2}},"line":68},"11":{"name":"(anonymous_11)","decl":{"start":{"line":68,"column":72},"end":{"line":68,"column":73}},"loc":{"start":{"line":68,"column":85},"end":{"line":138,"column":1}},"line":68}},"branchMap":{"0":{"loc":{"start":{"line":2,"column":16},"end":{"line":10,"column":1}},"type":"binary-expr","locations":[{"start":{"line":2,"column":17},"end":{"line":2,"column":21}},{"start":{"line":2,"column":25},"end":{"line":2,"column":39}},{"start":{"line":2,"column":44},"end":{"line":10,"column":1}}],"line":2},"1":{"loc":{"start":{"line":3,"column":35},"end":{"line":3,"column":109}},"type":"cond-expr","locations":[{"start":{"line":3,"column":56},"end":{"line":3,"column":61}},{"start":{"line":3,"column":64},"end":{"line":3,"column":109}}],"line":3},"2":{"loc":{"start":{"line":4,"column":16},"end":{"line":4,"column":34}},"type":"binary-expr","locations":[{"start":{"line":4,"column":16},"end":{"line":4,"column":17}},{"start":{"line":4,"column":22},"end":{"line":4,"column":33}}],"line":4},"3":{"loc":{"start":{"line":7,"column":32},"end":{"line":7,"column":115}},"type":"cond-expr","locations":[{"start":{"line":7,"column":46},"end":{"line":7,"column":67}},{"start":{"line":7,"column":70},"end":{"line":7,"column":115}}],"line":7},"4":{"loc":{"start":{"line":8,"column":51},"end":{"line":8,"column":67}},"type":"binary-expr","locations":[{"start":{"line":8,"column":51},"end":{"line":8,"column":61}},{"start":{"line":8,"column":65},"end":{"line":8,"column":67}}],"line":8},"5":{"loc":{"start":{"line":11,"column":22},"end":{"line":13,"column":1}},"type":"binary-expr","locations":[{"start":{"line":11,"column":23},"end":{"line":11,"column":27}},{"start":{"line":11,"column":31},"end":{"line":11,"column":51}},{"start":{"line":11,"column":56},"end":{"line":13,"column":1}}],"line":11},"6":{"loc":{"start":{"line":12,"column":11},"end":{"line":12,"column":61}},"type":"cond-expr","locations":[{"start":{"line":12,"column":37},"end":{"line":12,"column":40}},{"start":{"line":12,"column":43},"end":{"line":12,"column":61}}],"line":12},"7":{"loc":{"start":{"line":12,"column":12},"end":{"line":12,"column":33}},"type":"binary-expr","locations":[{"start":{"line":12,"column":12},"end":{"line":12,"column":15}},{"start":{"line":12,"column":19},"end":{"line":12,"column":33}}],"line":12},"8":{"loc":{"start":{"line":24,"column":8},"end":{"line":31,"column":9}},"type":"if","locations":[{"start":{"line":24,"column":8},"end":{"line":31,"column":9}},{"start":{},"end":{}}],"line":24},"9":{"loc":{"start":{"line":36,"column":8},"end":{"line":57,"column":9}},"type":"if","locations":[{"start":{"line":36,"column":8},"end":{"line":57,"column":9}},{"start":{"line":44,"column":13},"end":{"line":57,"column":9}}],"line":36},"10":{"loc":{"start":{"line":72,"column":8},"end":{"line":127,"column":9}},"type":"if","locations":[{"start":{"line":72,"column":8},"end":{"line":127,"column":9}},{"start":{"line":80,"column":13},"end":{"line":127,"column":9}}],"line":72},"11":{"loc":{"start":{"line":72,"column":12},"end":{"line":72,"column":31}},"type":"binary-expr","locations":[{"start":{"line":72,"column":12},"end":{"line":72,"column":18}},{"start":{"line":72,"column":22},"end":{"line":72,"column":31}}],"line":72},"12":{"loc":{"start":{"line":82,"column":12},"end":{"line":126,"column":13}},"type":"if","locations":[{"start":{"line":82,"column":12},"end":{"line":126,"column":13}},{"start":{"line":90,"column":17},"end":{"line":126,"column":13}}],"line":82},"13":{"loc":{"start":{"line":92,"column":16},"end":{"line":125,"column":17}},"type":"if","locations":[{"start":{"line":92,"column":16},"end":{"line":125,"column":17}},{"start":{"line":100,"column":21},"end":{"line":125,"column":17}}],"line":92},"14":{"loc":{"start":{"line":102,"column":20},"end":{"line":124,"column":21}},"type":"if","locations":[{"start":{"line":102,"column":20},"end":{"line":124,"column":21}},{"start":{"line":117,"column":25},"end":{"line":124,"column":21}}],"line":102},"15":{"loc":{"start":{"line":104,"column":24},"end":{"line":107,"column":25}},"type":"if","locations":[{"start":{"line":104,"column":24},"end":{"line":107,"column":25}},{"start":{},"end":{}}],"line":104}},"s":{"0":1,"1":0,"2":0,"3":0,"4":0,"5":0,"6":0,"7":0,"8":0,"9":0,"10":0,"11":0,"12":1,"13":4,"14":1,"15":1,"16":1,"17":1,"18":1,"19":1,"20":1,"21":1,"22":0,"23":0,"24":0,"25":0,"26":0,"27":0,"28":0,"29":0,"30":0,"31":0,"32":0,"33":0,"34":0,"35":0,"36":0,"37":0,"38":1,"39":1,"40":0,"41":0,"42":0,"43":0,"44":0,"45":0,"46":0,"47":0,"48":0,"49":0,"50":0,"51":0,"52":0,"53":0,"54":0,"55":0,"56":0,"57":0,"58":0,"59":0,"60":0,"61":1},"f":{"0":0,"1":0,"2":0,"3":0,"4":0,"5":0,"6":0,"7":4,"8":0,"9":0,"10":0,"11":0},"b":{"0":[1,1,1],"1":[0,0],"2":[0,0],"3":[0,0],"4":[0,0],"5":[1,1,1],"6":[1,3],"7":[4,4],"8":[0,0],"9":[0,0],"10":[0,0],"11":[0,0],"12":[0,0],"13":[0,0],"14":[0,0],"15":[0,0]},"inputSourceMap":null,"_coverageSchema":"1a1c01bbd47fc00a2c39e90264f33305004495a9","hash":"2df9eb9c8e6fae330b3526b98168a151793df49a"}
,"C:\\Users\\hp\\Documents\\Portfoli-backend\\dest\\src\\controllers\\welcome.js": {"path":"C:\\Users\\hp\\Documents\\Portfoli-backend\\dest\\src\\controllers\\welcome.js","statementMap":{"0":{"start":{"line":2,"column":0},"end":{"line":2,"column":62}},"1":{"start":{"line":3,"column":16},"end":{"line":5,"column":1}},"2":{"start":{"line":4,"column":4},"end":{"line":4,"column":38}},"3":{"start":{"line":6,"column":0},"end":{"line":6,"column":26}}},"fnMap":{"0":{"name":"(anonymous_0)","decl":{"start":{"line":3,"column":16},"end":{"line":3,"column":17}},"loc":{"start":{"line":3,"column":30},"end":{"line":5,"column":1}},"line":3}},"branchMap":{},"s":{"0":1,"1":1,"2":0,"3":1},"f":{"0":0},"b":{},"inputSourceMap":null,"_coverageSchema":"1a1c01bbd47fc00a2c39e90264f33305004495a9","hash":"de8724506548e983136e08cb6ba125f00119c371"}
,"C:\\Users\\hp\\Documents\\Portfoli-backend\\dest\\src\\midddleware\\authMiddleware.js": {"path":"C:\\Users\\hp\\Documents\\Portfoli-backend\\dest\\src\\midddleware\\authMiddleware.js","statementMap":{"0":{"start":{"line":2,"column":22},"end":{"line":4,"column":1}},"1":{"start":{"line":3,"column":4},"end":{"line":3,"column":62}},"2":{"start":{"line":5,"column":0},"end":{"line":5,"column":62}},"3":{"start":{"line":6,"column":23},"end":{"line":6,"column":63}},"4":{"start":{"line":7,"column":17},"end":{"line":7,"column":51}},"5":{"start":{"line":8,"column":0},"end":{"line":8,"column":26}},"6":{"start":{"line":9,"column":18},"end":{"line":9,"column":25}},"7":{"start":{"line":11,"column":18},"end":{"line":11,"column":46}},"8":{"start":{"line":12,"column":4},"end":{"line":41,"column":5}},"9":{"start":{"line":13,"column":8},"end":{"line":18,"column":11}},"10":{"start":{"line":21,"column":23},"end":{"line":21,"column":44}},"11":{"start":{"line":22,"column":8},"end":{"line":25,"column":9}},"12":{"start":{"line":23,"column":12},"end":{"line":23,"column":51}},"13":{"start":{"line":24,"column":12},"end":{"line":24,"column":27}},"14":{"start":{"line":26,"column":8},"end":{"line":40,"column":11}},"15":{"start":{"line":27,"column":12},"end":{"line":39,"column":13}},"16":{"start":{"line":28,"column":16},"end":{"line":28,"column":41}},"17":{"start":{"line":29,"column":16},"end":{"line":34,"column":19}},"18":{"start":{"line":37,"column":16},"end":{"line":37,"column":37}},"19":{"start":{"line":38,"column":16},"end":{"line":38,"column":23}},"20":{"start":{"line":43,"column":0},"end":{"line":43,"column":36}}},"fnMap":{"0":{"name":"(anonymous_0)","decl":{"start":{"line":2,"column":56},"end":{"line":2,"column":57}},"loc":{"start":{"line":2,"column":71},"end":{"line":4,"column":1}},"line":2},"1":{"name":"authenticateToken","decl":{"start":{"line":10,"column":9},"end":{"line":10,"column":26}},"loc":{"start":{"line":10,"column":43},"end":{"line":42,"column":1}},"line":10},"2":{"name":"(anonymous_2)","decl":{"start":{"line":26,"column":53},"end":{"line":26,"column":54}},"loc":{"start":{"line":26,"column":68},"end":{"line":40,"column":9}},"line":26}},"branchMap":{"0":{"loc":{"start":{"line":2,"column":22},"end":{"line":4,"column":1}},"type":"binary-expr","locations":[{"start":{"line":2,"column":23},"end":{"line":2,"column":27}},{"start":{"line":2,"column":31},"end":{"line":2,"column":51}},{"start":{"line":2,"column":56},"end":{"line":4,"column":1}}],"line":2},"1":{"loc":{"start":{"line":3,"column":11},"end":{"line":3,"column":61}},"type":"cond-expr","locations":[{"start":{"line":3,"column":37},"end":{"line":3,"column":40}},{"start":{"line":3,"column":43},"end":{"line":3,"column":61}}],"line":3},"2":{"loc":{"start":{"line":3,"column":12},"end":{"line":3,"column":33}},"type":"binary-expr","locations":[{"start":{"line":3,"column":12},"end":{"line":3,"column":15}},{"start":{"line":3,"column":19},"end":{"line":3,"column":33}}],"line":3},"3":{"loc":{"start":{"line":12,"column":4},"end":{"line":41,"column":5}},"type":"if","locations":[{"start":{"line":12,"column":4},"end":{"line":41,"column":5}},{"start":{"line":20,"column":9},"end":{"line":41,"column":5}}],"line":12},"4":{"loc":{"start":{"line":22,"column":8},"end":{"line":25,"column":9}},"type":"if","locations":[{"start":{"line":22,"column":8},"end":{"line":25,"column":9}},{"start":{},"end":{}}],"line":22},"5":{"loc":{"start":{"line":27,"column":12},"end":{"line":39,"column":13}},"type":"if","locations":[{"start":{"line":27,"column":12},"end":{"line":39,"column":13}},{"start":{"line":36,"column":17},"end":{"line":39,"column":13}}],"line":27}},"s":{"0":1,"1":2,"2":1,"3":1,"4":1,"5":1,"6":1,"7":0,"8":0,"9":0,"10":0,"11":0,"12":0,"13":0,"14":0,"15":0,"16":0,"17":0,"18":0,"19":0,"20":1},"f":{"0":2,"1":0,"2":0},"b":{"0":[1,1,1],"1":[0,2],"2":[2,2],"3":[0,0],"4":[0,0],"5":[0,0]},"inputSourceMap":null,"_coverageSchema":"1a1c01bbd47fc00a2c39e90264f33305004495a9","hash":"95b458d78c413a1508717b4ee9f84d78dc895a61"}
,"C:\\Users\\hp\\Documents\\Portfoli-backend\\dest\\src\\midddleware\\multer.js": {"path":"C:\\Users\\hp\\Documents\\Portfoli-backend\\dest\\src\\midddleware\\multer.js","statementMap":{"0":{"start":{"line":2,"column":22},"end":{"line":4,"column":1}},"1":{"start":{"line":3,"column":4},"end":{"line":3,"column":62}},"2":{"start":{"line":5,"column":0},"end":{"line":5,"column":62}},"3":{"start":{"line":6,"column":17},"end":{"line":6,"column":51}},"4":{"start":{"line":8,"column":16},"end":{"line":15,"column":2}},"5":{"start":{"line":10,"column":8},"end":{"line":10,"column":29}},"6":{"start":{"line":13,"column":8},"end":{"line":13,"column":55}},"7":{"start":{"line":17,"column":15},"end":{"line":17,"column":58}},"8":{"start":{"line":18,"column":0},"end":{"line":18,"column":25}}},"fnMap":{"0":{"name":"(anonymous_0)","decl":{"start":{"line":2,"column":56},"end":{"line":2,"column":57}},"loc":{"start":{"line":2,"column":71},"end":{"line":4,"column":1}},"line":2},"1":{"name":"(anonymous_1)","decl":{"start":{"line":9,"column":17},"end":{"line":9,"column":18}},"loc":{"start":{"line":9,"column":36},"end":{"line":11,"column":5}},"line":9},"2":{"name":"(anonymous_2)","decl":{"start":{"line":12,"column":14},"end":{"line":12,"column":15}},"loc":{"start":{"line":12,"column":33},"end":{"line":14,"column":5}},"line":12}},"branchMap":{"0":{"loc":{"start":{"line":2,"column":22},"end":{"line":4,"column":1}},"type":"binary-expr","locations":[{"start":{"line":2,"column":23},"end":{"line":2,"column":27}},{"start":{"line":2,"column":31},"end":{"line":2,"column":51}},{"start":{"line":2,"column":56},"end":{"line":4,"column":1}}],"line":2},"1":{"loc":{"start":{"line":3,"column":11},"end":{"line":3,"column":61}},"type":"cond-expr","locations":[{"start":{"line":3,"column":37},"end":{"line":3,"column":40}},{"start":{"line":3,"column":43},"end":{"line":3,"column":61}}],"line":3},"2":{"loc":{"start":{"line":3,"column":12},"end":{"line":3,"column":33}},"type":"binary-expr","locations":[{"start":{"line":3,"column":12},"end":{"line":3,"column":15}},{"start":{"line":3,"column":19},"end":{"line":3,"column":33}}],"line":3}},"s":{"0":1,"1":1,"2":1,"3":1,"4":1,"5":0,"6":0,"7":1,"8":1},"f":{"0":1,"1":0,"2":0},"b":{"0":[1,1,1],"1":[0,1],"2":[1,1]},"inputSourceMap":null,"_coverageSchema":"1a1c01bbd47fc00a2c39e90264f33305004495a9","hash":"75a2db35b7f88777a22d8860c59109ad65caeab5"}
,"C:\\Users\\hp\\Documents\\Portfoli-backend\\dest\\src\\models\\creatBlogModel.js": {"path":"C:\\Users\\hp\\Documents\\Portfoli-backend\\dest\\src\\models\\creatBlogModel.js","statementMap":{"0":{"start":{"line":2,"column":22},"end":{"line":4,"column":1}},"1":{"start":{"line":3,"column":4},"end":{"line":3,"column":62}},"2":{"start":{"line":5,"column":0},"end":{"line":5,"column":62}},"3":{"start":{"line":6,"column":19},"end":{"line":6,"column":55}},"4":{"start":{"line":7,"column":19},"end":{"line":30,"column":2}},"5":{"start":{"line":31,"column":0},"end":{"line":31,"column":63}}},"fnMap":{"0":{"name":"(anonymous_0)","decl":{"start":{"line":2,"column":56},"end":{"line":2,"column":57}},"loc":{"start":{"line":2,"column":71},"end":{"line":4,"column":1}},"line":2}},"branchMap":{"0":{"loc":{"start":{"line":2,"column":22},"end":{"line":4,"column":1}},"type":"binary-expr","locations":[{"start":{"line":2,"column":23},"end":{"line":2,"column":27}},{"start":{"line":2,"column":31},"end":{"line":2,"column":51}},{"start":{"line":2,"column":56},"end":{"line":4,"column":1}}],"line":2},"1":{"loc":{"start":{"line":3,"column":11},"end":{"line":3,"column":61}},"type":"cond-expr","locations":[{"start":{"line":3,"column":37},"end":{"line":3,"column":40}},{"start":{"line":3,"column":43},"end":{"line":3,"column":61}}],"line":3},"2":{"loc":{"start":{"line":3,"column":12},"end":{"line":3,"column":33}},"type":"binary-expr","locations":[{"start":{"line":3,"column":12},"end":{"line":3,"column":15}},{"start":{"line":3,"column":19},"end":{"line":3,"column":33}}],"line":3}},"s":{"0":1,"1":1,"2":1,"3":1,"4":1,"5":1},"f":{"0":1},"b":{"0":[1,1,1],"1":[0,1],"2":[1,1]},"inputSourceMap":null,"_coverageSchema":"1a1c01bbd47fc00a2c39e90264f33305004495a9","hash":"aabd7d6f3d03d12466f3c0841facc5f1704ddbba"}
,"C:\\Users\\hp\\Documents\\Portfoli-backend\\dest\\src\\models\\userModel.js": {"path":"C:\\Users\\hp\\Documents\\Portfoli-backend\\dest\\src\\models\\userModel.js","statementMap":{"0":{"start":{"line":2,"column":22},"end":{"line":4,"column":1}},"1":{"start":{"line":3,"column":4},"end":{"line":3,"column":62}},"2":{"start":{"line":5,"column":0},"end":{"line":5,"column":62}},"3":{"start":{"line":6,"column":19},"end":{"line":6,"column":55}},"4":{"start":{"line":7,"column":21},"end":{"line":19,"column":2}},"5":{"start":{"line":20,"column":0},"end":{"line":20,"column":66}}},"fnMap":{"0":{"name":"(anonymous_0)","decl":{"start":{"line":2,"column":56},"end":{"line":2,"column":57}},"loc":{"start":{"line":2,"column":71},"end":{"line":4,"column":1}},"line":2}},"branchMap":{"0":{"loc":{"start":{"line":2,"column":22},"end":{"line":4,"column":1}},"type":"binary-expr","locations":[{"start":{"line":2,"column":23},"end":{"line":2,"column":27}},{"start":{"line":2,"column":31},"end":{"line":2,"column":51}},{"start":{"line":2,"column":56},"end":{"line":4,"column":1}}],"line":2},"1":{"loc":{"start":{"line":3,"column":11},"end":{"line":3,"column":61}},"type":"cond-expr","locations":[{"start":{"line":3,"column":37},"end":{"line":3,"column":40}},{"start":{"line":3,"column":43},"end":{"line":3,"column":61}}],"line":3},"2":{"loc":{"start":{"line":3,"column":12},"end":{"line":3,"column":33}},"type":"binary-expr","locations":[{"start":{"line":3,"column":12},"end":{"line":3,"column":15}},{"start":{"line":3,"column":19},"end":{"line":3,"column":33}}],"line":3}},"s":{"0":1,"1":1,"2":1,"3":1,"4":1,"5":1},"f":{"0":1},"b":{"0":[1,1,1],"1":[0,1],"2":[1,1]},"inputSourceMap":null,"_coverageSchema":"1a1c01bbd47fc00a2c39e90264f33305004495a9","hash":"a94022df9de3b53a68a522b1a861ef123db1c267"}
,"C:\\Users\\hp\\Documents\\Portfoli-backend\\dest\\src\\routes\\commentRoute.js": {"path":"C:\\Users\\hp\\Documents\\Portfoli-backend\\dest\\src\\routes\\commentRoute.js","statementMap":{"0":{"start":{"line":2,"column":22},"end":{"line":4,"column":1}},"1":{"start":{"line":3,"column":4},"end":{"line":3,"column":62}},"2":{"start":{"line":5,"column":0},"end":{"line":5,"column":62}},"3":{"start":{"line":6,"column":18},"end":{"line":6,"column":53}},"4":{"start":{"line":7,"column":22},"end":{"line":7,"column":61}},"5":{"start":{"line":8,"column":28},"end":{"line":8,"column":88}},"6":{"start":{"line":9,"column":15},"end":{"line":9,"column":41}},"7":{"start":{"line":10,"column":0},"end":{"line":10,"column":41}},"8":{"start":{"line":11,"column":0},"end":{"line":11,"column":53}},"9":{"start":{"line":12,"column":0},"end":{"line":12,"column":25}}},"fnMap":{"0":{"name":"(anonymous_0)","decl":{"start":{"line":2,"column":56},"end":{"line":2,"column":57}},"loc":{"start":{"line":2,"column":71},"end":{"line":4,"column":1}},"line":2}},"branchMap":{"0":{"loc":{"start":{"line":2,"column":22},"end":{"line":4,"column":1}},"type":"binary-expr","locations":[{"start":{"line":2,"column":23},"end":{"line":2,"column":27}},{"start":{"line":2,"column":31},"end":{"line":2,"column":51}},{"start":{"line":2,"column":56},"end":{"line":4,"column":1}}],"line":2},"1":{"loc":{"start":{"line":3,"column":11},"end":{"line":3,"column":61}},"type":"cond-expr","locations":[{"start":{"line":3,"column":37},"end":{"line":3,"column":40}},{"start":{"line":3,"column":43},"end":{"line":3,"column":61}}],"line":3},"2":{"loc":{"start":{"line":3,"column":12},"end":{"line":3,"column":33}},"type":"binary-expr","locations":[{"start":{"line":3,"column":12},"end":{"line":3,"column":15}},{"start":{"line":3,"column":19},"end":{"line":3,"column":33}}],"line":3}},"s":{"0":1,"1":3,"2":1,"3":1,"4":1,"5":1,"6":1,"7":1,"8":1,"9":1},"f":{"0":3},"b":{"0":[1,1,1],"1":[1,2],"2":[3,3]},"inputSourceMap":null,"_coverageSchema":"1a1c01bbd47fc00a2c39e90264f33305004495a9","hash":"75b4434c10c41818eb68fead237ea320d13e2700"}
,"C:\\Users\\hp\\Documents\\Portfoli-backend\\dest\\src\\routes\\createBlogRoute.js": {"path":"C:\\Users\\hp\\Documents\\Portfoli-backend\\dest\\src\\routes\\createBlogRoute.js","statementMap":{"0":{"start":{"line":2,"column":22},"end":{"line":4,"column":1}},"1":{"start":{"line":3,"column":4},"end":{"line":3,"column":62}},"2":{"start":{"line":5,"column":0},"end":{"line":5,"column":62}},"3":{"start":{"line":6,"column":18},"end":{"line":6,"column":53}},"4":{"start":{"line":7,"column":22},"end":{"line":7,"column":61}},"5":{"start":{"line":8,"column":30},"end":{"line":8,"column":92}},"6":{"start":{"line":9,"column":15},"end":{"line":9,"column":41}},"7":{"start":{"line":10,"column":0},"end":{"line":10,"column":41}},"8":{"start":{"line":11,"column":0},"end":{"line":11,"column":52}},"9":{"start":{"line":12,"column":0},"end":{"line":12,"column":25}}},"fnMap":{"0":{"name":"(anonymous_0)","decl":{"start":{"line":2,"column":56},"end":{"line":2,"column":57}},"loc":{"start":{"line":2,"column":71},"end":{"line":4,"column":1}},"line":2}},"branchMap":{"0":{"loc":{"start":{"line":2,"column":22},"end":{"line":4,"column":1}},"type":"binary-expr","locations":[{"start":{"line":2,"column":23},"end":{"line":2,"column":27}},{"start":{"line":2,"column":31},"end":{"line":2,"column":51}},{"start":{"line":2,"column":56},"end":{"line":4,"column":1}}],"line":2},"1":{"loc":{"start":{"line":3,"column":11},"end":{"line":3,"column":61}},"type":"cond-expr","locations":[{"start":{"line":3,"column":37},"end":{"line":3,"column":40}},{"start":{"line":3,"column":43},"end":{"line":3,"column":61}}],"line":3},"2":{"loc":{"start":{"line":3,"column":12},"end":{"line":3,"column":33}},"type":"binary-expr","locations":[{"start":{"line":3,"column":12},"end":{"line":3,"column":15}},{"start":{"line":3,"column":19},"end":{"line":3,"column":33}}],"line":3}},"s":{"0":1,"1":3,"2":1,"3":1,"4":1,"5":1,"6":1,"7":1,"8":1,"9":1},"f":{"0":3},"b":{"0":[1,1,1],"1":[1,2],"2":[3,3]},"inputSourceMap":null,"_coverageSchema":"1a1c01bbd47fc00a2c39e90264f33305004495a9","hash":"ab075fbfd7f175f29e7da4f35536a24c4b3bcbba"}
,"C:\\Users\\hp\\Documents\\Portfoli-backend\\dest\\src\\routes\\deleteBlogRoute.js": {"path":"C:\\Users\\hp\\Documents\\Portfoli-backend\\dest\\src\\routes\\deleteBlogRoute.js","statementMap":{"0":{"start":{"line":2,"column":22},"end":{"line":4,"column":1}},"1":{"start":{"line":3,"column":4},"end":{"line":3,"column":62}},"2":{"start":{"line":5,"column":0},"end":{"line":5,"column":62}},"3":{"start":{"line":6,"column":18},"end":{"line":6,"column":53}},"4":{"start":{"line":7,"column":22},"end":{"line":7,"column":61}},"5":{"start":{"line":8,"column":31},"end":{"line":8,"column":77}},"6":{"start":{"line":9,"column":25},"end":{"line":9,"column":82}},"7":{"start":{"line":10,"column":15},"end":{"line":10,"column":41}},"8":{"start":{"line":11,"column":0},"end":{"line":11,"column":41}},"9":{"start":{"line":12,"column":0},"end":{"line":12,"column":84}},"10":{"start":{"line":13,"column":0},"end":{"line":13,"column":83}},"11":{"start":{"line":14,"column":0},"end":{"line":14,"column":25}}},"fnMap":{"0":{"name":"(anonymous_0)","decl":{"start":{"line":2,"column":56},"end":{"line":2,"column":57}},"loc":{"start":{"line":2,"column":71},"end":{"line":4,"column":1}},"line":2}},"branchMap":{"0":{"loc":{"start":{"line":2,"column":22},"end":{"line":4,"column":1}},"type":"binary-expr","locations":[{"start":{"line":2,"column":23},"end":{"line":2,"column":27}},{"start":{"line":2,"column":31},"end":{"line":2,"column":51}},{"start":{"line":2,"column":56},"end":{"line":4,"column":1}}],"line":2},"1":{"loc":{"start":{"line":3,"column":11},"end":{"line":3,"column":61}},"type":"cond-expr","locations":[{"start":{"line":3,"column":37},"end":{"line":3,"column":40}},{"start":{"line":3,"column":43},"end":{"line":3,"column":61}}],"line":3},"2":{"loc":{"start":{"line":3,"column":12},"end":{"line":3,"column":33}},"type":"binary-expr","locations":[{"start":{"line":3,"column":12},"end":{"line":3,"column":15}},{"start":{"line":3,"column":19},"end":{"line":3,"column":33}}],"line":3}},"s":{"0":1,"1":3,"2":1,"3":1,"4":1,"5":1,"6":1,"7":1,"8":1,"9":1,"10":1,"11":1},"f":{"0":3},"b":{"0":[1,1,1],"1":[1,2],"2":[3,3]},"inputSourceMap":null,"_coverageSchema":"1a1c01bbd47fc00a2c39e90264f33305004495a9","hash":"89bdcf2f7e718e61e86cb4175561f51066851aeb"}
,"C:\\Users\\hp\\Documents\\Portfoli-backend\\dest\\src\\routes\\protectedRoute.js": {"path":"C:\\Users\\hp\\Documents\\Portfoli-backend\\dest\\src\\routes\\protectedRoute.js","statementMap":{"0":{"start":{"line":2,"column":22},"end":{"line":4,"column":1}},"1":{"start":{"line":3,"column":4},"end":{"line":3,"column":62}},"2":{"start":{"line":5,"column":0},"end":{"line":5,"column":62}},"3":{"start":{"line":6,"column":18},"end":{"line":6,"column":53}},"4":{"start":{"line":7,"column":25},"end":{"line":7,"column":82}},"5":{"start":{"line":8,"column":15},"end":{"line":8,"column":41}},"6":{"start":{"line":9,"column":0},"end":{"line":13,"column":3}},"7":{"start":{"line":10,"column":4},"end":{"line":12,"column":7}},"8":{"start":{"line":14,"column":0},"end":{"line":14,"column":25}}},"fnMap":{"0":{"name":"(anonymous_0)","decl":{"start":{"line":2,"column":56},"end":{"line":2,"column":57}},"loc":{"start":{"line":2,"column":71},"end":{"line":4,"column":1}},"line":2},"1":{"name":"(anonymous_1)","decl":{"start":{"line":9,"column":42},"end":{"line":9,"column":43}},"loc":{"start":{"line":9,"column":56},"end":{"line":13,"column":1}},"line":9}},"branchMap":{"0":{"loc":{"start":{"line":2,"column":22},"end":{"line":4,"column":1}},"type":"binary-expr","locations":[{"start":{"line":2,"column":23},"end":{"line":2,"column":27}},{"start":{"line":2,"column":31},"end":{"line":2,"column":51}},{"start":{"line":2,"column":56},"end":{"line":4,"column":1}}],"line":2},"1":{"loc":{"start":{"line":3,"column":11},"end":{"line":3,"column":61}},"type":"cond-expr","locations":[{"start":{"line":3,"column":37},"end":{"line":3,"column":40}},{"start":{"line":3,"column":43},"end":{"line":3,"column":61}}],"line":3},"2":{"loc":{"start":{"line":3,"column":12},"end":{"line":3,"column":33}},"type":"binary-expr","locations":[{"start":{"line":3,"column":12},"end":{"line":3,"column":15}},{"start":{"line":3,"column":19},"end":{"line":3,"column":33}}],"line":3}},"s":{"0":1,"1":2,"2":1,"3":1,"4":1,"5":1,"6":1,"7":0,"8":1},"f":{"0":2,"1":0},"b":{"0":[1,1,1],"1":[1,1],"2":[2,2]},"inputSourceMap":null,"_coverageSchema":"1a1c01bbd47fc00a2c39e90264f33305004495a9","hash":"e07207be81955f714cbb90b206c7bd2f8834138f"}
,"C:\\Users\\hp\\Documents\\Portfoli-backend\\dest\\src\\routes\\readAllRoute.js": {"path":"C:\\Users\\hp\\Documents\\Portfoli-backend\\dest\\src\\routes\\readAllRoute.js","statementMap":{"0":{"start":{"line":2,"column":22},"end":{"line":4,"column":1}},"1":{"start":{"line":3,"column":4},"end":{"line":3,"column":62}},"2":{"start":{"line":5,"column":0},"end":{"line":5,"column":62}},"3":{"start":{"line":6,"column":18},"end":{"line":6,"column":53}},"4":{"start":{"line":7,"column":22},"end":{"line":7,"column":61}},"5":{"start":{"line":8,"column":29},"end":{"line":8,"column":73}},"6":{"start":{"line":9,"column":15},"end":{"line":9,"column":41}},"7":{"start":{"line":10,"column":0},"end":{"line":10,"column":41}},"8":{"start":{"line":11,"column":0},"end":{"line":11,"column":51}},"9":{"start":{"line":12,"column":0},"end":{"line":12,"column":50}},"10":{"start":{"line":13,"column":0},"end":{"line":13,"column":25}}},"fnMap":{"0":{"name":"(anonymous_0)","decl":{"start":{"line":2,"column":56},"end":{"line":2,"column":57}},"loc":{"start":{"line":2,"column":71},"end":{"line":4,"column":1}},"line":2}},"branchMap":{"0":{"loc":{"start":{"line":2,"column":22},"end":{"line":4,"column":1}},"type":"binary-expr","locations":[{"start":{"line":2,"column":23},"end":{"line":2,"column":27}},{"start":{"line":2,"column":31},"end":{"line":2,"column":51}},{"start":{"line":2,"column":56},"end":{"line":4,"column":1}}],"line":2},"1":{"loc":{"start":{"line":3,"column":11},"end":{"line":3,"column":61}},"type":"cond-expr","locations":[{"start":{"line":3,"column":37},"end":{"line":3,"column":40}},{"start":{"line":3,"column":43},"end":{"line":3,"column":61}}],"line":3},"2":{"loc":{"start":{"line":3,"column":12},"end":{"line":3,"column":33}},"type":"binary-expr","locations":[{"start":{"line":3,"column":12},"end":{"line":3,"column":15}},{"start":{"line":3,"column":19},"end":{"line":3,"column":33}}],"line":3}},"s":{"0":1,"1":2,"2":1,"3":1,"4":1,"5":1,"6":1,"7":1,"8":1,"9":1,"10":1},"f":{"0":2},"b":{"0":[1,1,1],"1":[0,2],"2":[2,2]},"inputSourceMap":null,"_coverageSchema":"1a1c01bbd47fc00a2c39e90264f33305004495a9","hash":"f788a1ae2f6ac6d87e90feb9f990c255f9d9eb43"}
[...]
,"C:\\Users\\hp\\Documents\\Portfoli-backend\\src\\controllers\\updateBlogController.ts": {"path":"C:\\Users\\hp\\Documents\\Portfoli-backend\\src\\controllers\\updateBlogController.ts","statementMap":{"0":{"start":{"line":3,"column":17},"end":{"line":44,"column":1}},"1":{"start":{"line":5,"column":4},"end":{"line":43,"column":5}},"2":{"start":{"line":6,"column":37},"end":{"line":6,"column":45}},"3":{"start":{"line":7,"column":106},"end":{"line":7,"column":114}},"4":{"start":{"line":8,"column":20},"end":{"line":8,"column":57}},"5":{"start":{"line":9,"column":8},"end":{"line":32,"column":9}},"6":{"start":{"line":10,"column":12},"end":{"line":16,"column":14}},"7":{"start":{"line":19,"column":11},"end":{"line":19,"column":45}},"8":{"start":{"line":19,"column":24},"end":{"line":19,"column":45}},"9":{"start":{"line":20,"column":11},"end":{"line":20,"column":38}},"10":{"start":{"line":20,"column":21},"end":{"line":20,"column":38}},"11":{"start":{"line":21,"column":11},"end":{"line":21,"column":35}},"12":{"start":{"line":21,"column":20},"end":{"line":21,"column":35}},"13":{"start":{"line":22,"column":11},"end":{"line":22,"column":44}},"14":{"start":{"line":22,"column":23},"end":{"line":22,"column":44}},"15":{"start":{"line":24,"column":11},"end":{"line":24,"column":29}},"16":{"start":{"line":25,"column":11},"end":{"line":31,"column":13}},"17":{"start":{"line":35,"column":8},"end":{"line":35,"column":24}},"18":{"start":{"line":36,"column":8},"end":{"line":42,"column":10}}},"fnMap":{"0":{"name":"(anonymous_0)","decl":{"start":{"line":3,"column":17},"end":{"line":3,"column":18}},"loc":{"start":{"line":3,"column":41},"end":{"line":44,"column":1}},"line":3}},"branchMap":{"0":{"loc":{"start":{"line":9,"column":8},"end":{"line":32,"column":9}},"type":"if","locations":[{"start":{"line":9,"column":8},"end":{"line":32,"column":9}},{"start":{"line":17,"column":13},"end":{"line":32,"column":9}}],"line":9},"1":{"loc":{"start":{"line":19,"column":11},"end":{"line":19,"column":45}},"type":"if","locations":[{"start":{"line":19,"column":11},"end":{"line":19,"column":45}},{"start":{},"end":{}}],"line":19},"2":{"loc":{"start":{"line":20,"column":11},"end":{"line":20,"column":38}},"type":"if","locations":[{"start":{"line":20,"column":11},"end":{"line":20,"column":38}},{"start":{},"end":{}}],"line":20},"3":{"loc":{"start":{"line":21,"column":11},"end":{"line":21,"column":35}},"type":"if","locations":[{"start":{"line":21,"column":11},"end":{"line":21,"column":35}},{"start":{},"end":{}}],"line":21},"4":{"loc":{"start":{"line":22,"column":11},"end":{"line":22,"column":44}},"type":"if","locations":[{"start":{"line":22,"column":11},"end":{"line":22,"column":44}},{"start":{},"end":{}}],"line":22}},"s":{"0":1,"1":1,"2":1,"3":1,"4":1,"5":1,"6":0,"7":1,"8":0,"9":1,"10":0,"11":1,"12":0,"13":1,"14":1,"15":1,"16":1,"17":0,"18":0},"f":{"0":1},"b":{"0":[0,1],"1":[0,1],"2":[0,1],"3":[0,1],"4":[1,0]},"_coverageSchema":"1a1c01bbd47fc00a2c39e90264f33305004495a9","hash":"757c39db8e02a5f25212b501f18e6c8fc06999cd"}
,"C:\\Users\\hp\\Documents\\Portfoli-backend\\src\\controllers\\userController.ts": {"path":"C:\\Users\\hp\\Documents\\Portfoli-backend\\src\\controllers\\userController.ts","statementMap":{"0":{"start":{"line":11,"column":0},"end":{"line":11,"column":15}},"1":{"start":{"line":13,"column":25},"end":{"line":79,"column":1}},"2":{"start":{"line":14,"column":4},"end":{"line":76,"column":5}},"3":{"start":{"line":15,"column":21},"end":{"line":15,"column":29}},"4":{"start":{"line":18,"column":8},"end":{"line":28,"column":9}},"5":{"start":{"line":19,"column":12},"end":{"line":27,"column":19}},"6":{"start":{"line":29,"column":21},"end":{"line":29,"column":44}},"7":{"start":{"line":30,"column":31},"end":{"line":30,"column":69}},"8":{"start":{"line":31,"column":8},"end":{"line":31,"column":38}},"9":{"start":{"line":33,"column":29},"end":{"line":33,"column":71}},"10":{"start":{"line":34,"column":8},"end":{"line":65,"column":9}},"11":{"start":{"line":35,"column":11},"end":{"line":42,"column":14}},"12":{"start":{"line":46,"column":27},"end":{"line":51,"column":14}},"13":{"start":{"line":52,"column":11},"end":{"line":52,"column":33}},"14":{"start":{"line":54,"column":10},"end":{"line":61,"column":12}},"15":{"start":{"line":70,"column":8},"end":{"line":70,"column":39}},"16":{"start":{"line":71,"column":8},"end":{"line":74,"column":10}},"17":{"start":{"line":82,"column":22},"end":{"line":160,"column":1}},"18":{"start":{"line":83,"column":4},"end":{"line":158,"column":5}},"19":{"start":{"line":84,"column":31},"end":{"line":84,"column":39}},"20":{"start":{"line":86,"column":8},"end":{"line":146,"column":9}},"21":{"start":{"line":87,"column":12},"end":{"line":93,"column":14}},"22":{"start":{"line":95,"column":23},"end":{"line":95,"column":51}},"23":{"start":{"line":96,"column":12},"end":{"line":145,"column":13}},"24":{"start":{"line":97,"column":16},"end":{"line":103,"column":18}},"25":{"start":{"line":106,"column":16},"end":{"line":143,"column":17}},"26":{"start":{"line":107,"column":20},"end":{"line":113,"column":22}},"27":{"start":{"line":115,"column":47},"end":{"line":115,"column":91}},"28":{"start":{"line":116,"column":20},"end":{"line":141,"column":21}},"29":{"start":{"line":117,"column":55},"end":{"line":117,"column":76}},"30":{"start":{"line":118,"column":24},"end":{"line":121,"column":25}},"31":{"start":{"line":119,"column":28},"end":{"line":119,"column":66}},"32":{"start":{"line":120,"column":28},"end":{"line":120,"column":42}},"33":{"start":{"line":123,"column":36},"end":{"line":123,"column":83}},"34":{"start":{"line":124,"column":24},"end":{"line":131,"column":26}},"35":{"start":{"line":133,"column":24},"end":{"line":140,"column":26}},"36":{"start":{"line":149,"column":8},"end":{"line":149,"column":24}},"37":{"start":{"line":150,"column":8},"end":{"line":156,"column":10}}},"fnMap":{"0":{"name":"(anonymous_0)","decl":{"start":{"line":13,"column":25},"end":{"line":13,"column":26}},"loc":{"start":{"line":13,"column":53},"end":{"line":79,"column":1}},"line":13},"1":{"name":"(anonymous_1)","decl":{"start":{"line":82,"column":22},"end":{"line":82,"column":23}},"loc":{"start":{"line":82,"column":46},"end":{"line":160,"column":1}},"line":82}},"branchMap":{"0":{"loc":{"start":{"line":18,"column":8},"end":{"line":28,"column":9}},"type":"if","locations":[{"start":{"line":18,"column":8},"end":{"line":28,"column":9}},{"start":{},"end":{}}],"line":18},"1":{"loc":{"start":{"line":34,"column":8},"end":{"line":65,"column":9}},"type":"if","locations":[{"start":{"line":34,"column":8},"end":{"line":65,"column":9}},{"start":{"line":45,"column":13},"end":{"line":65,"column":9}}],"line":34},"2":{"loc":{"start":{"line":86,"column":8},"end":{"line":146,"column":9}},"type":"if","locations":[{"start":{"line":86,"column":8},"end":{"line":146,"column":9}},{"start":{"line":94,"column":13},"end":{"line":146,"column":9}}],"line":86},"3":{"loc":{"start":{"line":86,"column":11},"end":{"line":86,"column":28}},"type":"binary-expr","locations":[{"start":{"line":86,"column":11},"end":{"line":86,"column":17}},{"start":{"line":86,"column":19},"end":{"line":86,"column":28}}],"line":86},"4":{"loc":{"start":{"line":96,"column":12},"end":{"line":145,"column":13}},"type":"if","locations":[{"start":{"line":96,"column":12},"end":{"line":145,"column":13}},{"start":{"line":104,"column":17},"end":{"line":145,"column":13}}],"line":96},"5":{"loc":{"start":{"line":106,"column":16},"end":{"line":143,"column":17}},"type":"if","locations":[{"start":{"line":106,"column":16},"end":{"line":143,"column":17}},{"start":{"line":114,"column":21},"end":{"line":143,"column":17}}],"line":106},"6":{"loc":{"start":{"line":116,"column":20},"end":{"line":141,"column":21}},"type":"if","locations":[{"start":{"line":116,"column":20},"end":{"line":141,"column":21}},{"start":{"line":132,"column":25},"end":{"line":141,"column":21}}],"line":116},"7":{"loc":{"start":{"line":118,"column":24},"end":{"line":121,"column":25}},"type":"if","locations":[{"start":{"line":118,"column":24},"end":{"line":121,"column":25}},{"start":{},"end":{}}],"line":118}},"s":{"0":1,"1":1,"2":0,"3":0,"4":0,"5":0,"6":0,"7":0,"8":0,"9":0,"10":0,"11":0,"12":0,"13":0,"14":0,"15":0,"16":0,"17":1,"18":0,"19":0,"20":0,"21":0,"22":0,"23":0,"24":0,"25":0,"26":0,"27":0,"28":0,"29":0,"30":0,"31":0,"32":0,"33":0,"34":0,"35":0,"36":0,"37":0},"f":{"0":0,"1":0},"b":{"0":[0,0],"1":[0,0],"2":[0,0],"3":[0,0],"4":[0,0],"5":[0,0],"6":[0,0],"7":[0,0]},"_coverageSchema":"1a1c01bbd47fc00a2c39e90264f33305004495a9","hash":"902cb90ebe9f3c5e919fc1c43bb4130f56acfe53"}
,"C:\\Users\\hp\\Documents\\Portfoli-backend\\src\\controllers\\welcome.ts": {"path":"C:\\Users\\hp\\Documents\\Portfoli-backend\\src\\controllers\\welcome.ts","statementMap":{"0":{"start":{"line":1,"column":14},"end":{"line":3,"column":1}},"1":{"start":{"line":2,"column":4},"end":{"line":2,"column":37}}},"fnMap":{"0":{"name":"(anonymous_0)","decl":{"start":{"line":1,"column":14},"end":{"line":1,"column":15}},"loc":{"start":{"line":1,"column":38},"end":{"line":3,"column":1}},"line":1}},"branchMap":{},"s":{"0":1,"1":0},"f":{"0":0},"b":{},"_coverageSchema":"1a1c01bbd47fc00a2c39e90264f33305004495a9","hash":"aeda525757ff5c3bdc3606e574900bd0e5371732"}
,"C:\\Users\\hp\\Documents\\Portfoli-backend\\src\\midddleware\\authMiddleware.ts": {"path":"C:\\Users\\hp\\Documents\\Portfoli-backend\\src\\midddleware\\authMiddleware.ts","statementMap":{"0":{"start":{"line":6,"column":0},"end":{"line":6,"column":15}},"1":{"start":{"line":7,"column":16},"end":{"line":7,"column":23}},"2":{"start":{"line":10,"column":16},"end":{"line":10,"column":44}},"3":{"start":{"line":12,"column":4},"end":{"line":41,"column":5}},"4":{"start":{"line":13,"column":8},"end":{"line":19,"column":10}},"5":{"start":{"line":21,"column":39},"end":{"line":21,"column":60}},"6":{"start":{"line":22,"column":8},"end":{"line":25,"column":9}},"7":{"start":{"line":23,"column":12},"end":{"line":23,"column":50}},"8":{"start":{"line":24,"column":12},"end":{"line":24,"column":26}},"9":{"start":{"line":26,"column":8},"end":{"line":40,"column":10}},"10":{"start":{"line":27,"column":12},"end":{"line":39,"column":13}},"11":{"start":{"line":28,"column":16},"end":{"line":28,"column":39}},"12":{"start":{"line":29,"column":16},"end":{"line":35,"column":18}},"13":{"start":{"line":37,"column":16},"end":{"line":37,"column":35}},"14":{"start":{"line":38,"column":16},"end":{"line":38,"column":22}}},"fnMap":{"0":{"name":"authenticateToken","decl":{"start":{"line":9,"column":9},"end":{"line":9,"column":26}},"loc":{"start":{"line":9,"column":70},"end":{"line":42,"column":1}},"line":9},"1":{"name":"(anonymous_1)","decl":{"start":{"line":26,"column":32},"end":{"line":26,"column":33}},"loc":{"start":{"line":26,"column":52},"end":{"line":40,"column":9}},"line":26}},"branchMap":{"0":{"loc":{"start":{"line":12,"column":4},"end":{"line":41,"column":5}},"type":"if","locations":[{"start":{"line":12,"column":4},"end":{"line":41,"column":5}},{"start":{"line":20,"column":9},"end":{"line":41,"column":5}}],"line":12},"1":{"loc":{"start":{"line":22,"column":8},"end":{"line":25,"column":9}},"type":"if","locations":[{"start":{"line":22,"column":8},"end":{"line":25,"column":9}},{"start":{},"end":{}}],"line":22},"2":{"loc":{"start":{"line":27,"column":12},"end":{"line":39,"column":13}},"type":"if","locations":[{"start":{"line":27,"column":12},"end":{"line":39,"column":13}},{"start":{"line":36,"column":17},"end":{"line":39,"column":13}}],"line":27}},"s":{"0":1,"1":1,"2":0,"3":0,"4":0,"5":0,"6":0,"7":0,"8":0,"9":0,"10":0,"11":0,"12":0,"13":0,"14":0},"f":{"0":0,"1":0},"b":{"0":[0,0],"1":[0,0],"2":[0,0]},"_coverageSchema":"1a1c01bbd47fc00a2c39e90264f33305004495a9","hash":"1299daa220462a234fdf11a414e80a1d2a3fd490"}
,"C:\\Users\\hp\\Documents\\Portfoli-backend\\src\\midddleware\\multer.ts": {"path":"C:\\Users\\hp\\Documents\\Portfoli-backend\\src\\midddleware\\multer.ts","statementMap":{"0":{"start":{"line":3,"column":16},"end":{"line":10,"column":4}},"1":{"start":{"line":5,"column":6},"end":{"line":5,"column":27}},"2":{"start":{"line":8,"column":6},"end":{"line":8,"column":53}},"3":{"start":{"line":13,"column":17},"end":{"line":13,"column":45}}},"fnMap":{"0":{"name":"(anonymous_0)","decl":{"start":{"line":4,"column":17},"end":{"line":4,"column":18}},"loc":{"start":{"line":4,"column":36},"end":{"line":6,"column":5}},"line":4},"1":{"name":"(anonymous_1)","decl":{"start":{"line":7,"column":14},"end":{"line":7,"column":15}},"loc":{"start":{"line":7,"column":33},"end":{"line":9,"column":5}},"line":7}},"branchMap":{},"s":{"0":1,"1":0,"2":0,"3":1},"f":{"0":0,"1":0},"b":{},"_coverageSchema":"1a1c01bbd47fc00a2c39e90264f33305004495a9","hash":"44fe69d5a89e118b8cb1f27b02576d9092f93277"}
,"C:\\Users\\hp\\Documents\\Portfoli-backend\\src\\models\\creatBlogModel.ts": {"path":"C:\\Users\\hp\\Documents\\Portfoli-backend\\src\\models\\creatBlogModel.ts","statementMap":{"0":{"start":{"line":3,"column":19},"end":{"line":29,"column":2}}},"fnMap":{},"branchMap":{},"s":{"0":1},"f":{},"b":{},"_coverageSchema":"1a1c01bbd47fc00a2c39e90264f33305004495a9","hash":"044adc2fec99fb8c57951176cd2844fb228ca4b8"}
,"C:\\Users\\hp\\Documents\\Portfoli-backend\\src\\models\\userModel.ts": {"path":"C:\\Users\\hp\\Documents\\Portfoli-backend\\src\\models\\userModel.ts","statementMap":{"0":{"start":{"line":3,"column":19},"end":{"line":22,"column":2}}},"fnMap":{},"branchMap":{},"s":{"0":1},"f":{},"b":{},"_coverageSchema":"1a1c01bbd47fc00a2c39e90264f33305004495a9","hash":"d6f1390f7ac5b95c3f5c52ed5db404664eeb3778"}
,"C:\\Users\\hp\\Documents\\Portfoli-backend\\src\\routes\\commentRoute.ts": {"path":"C:\\Users\\hp\\Documents\\Portfoli-backend\\src\\routes\\commentRoute.ts","statementMap":{"0":{"start":{"line":6,"column":20},"end":{"line":6,"column":36}},"1":{"start":{"line":7,"column":0},"end":{"line":7,"column":29}},"2":{"start":{"line":8,"column":0},"end":{"line":8,"column":34}}},"fnMap":{},"branchMap":{},"s":{"0":1,"1":1,"2":1},"f":{},"b":{},"_coverageSchema":"1a1c01bbd47fc00a2c39e90264f33305004495a9","hash":"822fed2a727169cb86d1f4181aad7cb65b0946f8"}
,"C:\\Users\\hp\\Documents\\Portfoli-backend\\src\\routes\\createBlogRoute.ts": {"path":"C:\\Users\\hp\\Documents\\Portfoli-backend\\src\\routes\\createBlogRoute.ts","statementMap":{"0":{"start":{"line":7,"column":13},"end":{"line":7,"column":29}},"1":{"start":{"line":8,"column":0},"end":{"line":8,"column":29}},"2":{"start":{"line":10,"column":0},"end":{"line":10,"column":31}}},"fnMap":{},"branchMap":{},"s":{"0":1,"1":1,"2":1},"f":{},"b":{},"_coverageSchema":"1a1c01bbd47fc00a2c39e90264f33305004495a9","hash":"c928a2902a311ea8695e1bcc590346e036da83b1"}
,"C:\\Users\\hp\\Documents\\Portfoli-backend\\src\\routes\\deleteBlogRoute.ts": {"path":"C:\\Users\\hp\\Documents\\Portfoli-backend\\src\\routes\\deleteBlogRoute.ts","statementMap":{"0":{"start":{"line":7,"column":20},"end":{"line":7,"column":36}},"1":{"start":{"line":8,"column":0},"end":{"line":8,"column":29}},"2":{"start":{"line":9,"column":0},"end":{"line":9,"column":51}},"3":{"start":{"line":10,"column":0},"end":{"line":10,"column":50}}},"fnMap":{},"branchMap":{},"s":{"0":1,"1":1,"2":1,"3":1},"f":{},"b":{},"_coverageSchema":"1a1c01bbd47fc00a2c39e90264f33305004495a9","hash":"94b21c108586e3e4675f3238a3e29bf3f4629ac2"}
,"C:\\Users\\hp\\Documents\\Portfoli-backend\\src\\routes\\protectedRoute.ts": {"path":"C:\\Users\\hp\\Documents\\Portfoli-backend\\src\\routes\\protectedRoute.ts","statementMap":{"0":{"start":{"line":4,"column":13},"end":{"line":4,"column":29}},"1":{"start":{"line":6,"column":0},"end":{"line":10,"column":2}},"2":{"start":{"line":7,"column":4},"end":{"line":9,"column":6}}},"fnMap":{"0":{"name":"(anonymous_0)","decl":{"start":{"line":6,"column":33},"end":{"line":6,"column":34}},"loc":{"start":{"line":6,"column":44},"end":{"line":10,"column":1}},"line":6}},"branchMap":{},"s":{"0":1,"1":1,"2":0},"f":{"0":0},"b":{},"_coverageSchema":"1a1c01bbd47fc00a2c39e90264f33305004495a9","hash":"1da6346f3fe085a789c04cdd6d791aa3b48f2a7f"}
,"C:\\Users\\hp\\Documents\\Portfoli-backend\\src\\routes\\readAllRoute.ts": {"path":"C:\\Users\\hp\\Documents\\Portfoli-backend\\src\\routes\\readAllRoute.ts","statementMap":{"0":{"start":{"line":7,"column":20},"end":{"line":7,"column":36}},"1":{"start":{"line":9,"column":0},"end":{"line":9,"column":29}},"2":{"start":{"line":10,"column":0},"end":{"line":10,"column":28}},"3":{"start":{"line":11,"column":0},"end":{"line":11,"column":27}}},"fnMap":{},"branchMap":{},"s":{"0":1,"1":1,"2":1,"3":1},"f":{},"b":{},"_coverageSchema":"1a1c01bbd47fc00a2c39e90264f33305004495a9","hash":"ed62bd0e5cb728ff4dacdb12022ae8bdda73d804"}
,"C:\\Users\\hp\\Documents\\Portfoli-backend\\src\\routes\\updateBlogRoute.ts": {"path":"C:\\Users\\hp\\Documents\\Portfoli-backend\\src\\routes\\updateBlogRoute.ts","statementMap":{"0":{"start":{"line":6,"column":20},"end":{"line":6,"column":36}},"1":{"start":{"line":8,"column":0},"end":{"line":8,"column":29}},"2":{"start":{"line":9,"column":0},"end":{"line":9,"column":30}}},"fnMap":{},"branchMap":{},"s":{"0":1,"1":1,"2":1},"f":{},"b":{},"_coverageSchema":"1a1c01bbd47fc00a2c39e90264f33305004495a9","hash":"c983f97930c1b95206758445a74fca76852162a1"}
,"C:\\Users\\hp\\Documents\\Portfoli-backend\\src\\routes\\userRoute.ts": {"path":"C:\\Users\\hp\\Documents\\Portfoli-backend\\src\\routes\\userRoute.ts","statementMap":{"0":{"start":{"line":6,"column":20},"end":{"line":6,"column":36}},"1":{"start":{"line":7,"column":0},"end":{"line":7,"column":29}},"2":{"start":{"line":8,"column":0},"end":{"line":8,"column":39}},"3":{"start":{"line":9,"column":0},"end":{"line":9,"column":37}}},"fnMap":{},"branchMap":{},"s":{"0":1,"1":1,"2":1,"3":1},"f":{},"b":{},"_coverageSchema":"1a1c01bbd47fc00a2c39e90264f33305004495a9","hash":"238ba62eb6ed525a67e2cf64d7da8aee071ba9fc"}
,"C:\\Users\\hp\\Documents\\Portfoli-backend\\src\\routes\\welcomeRoutes.ts": {"path":"C:\\Users\\hp\\Documents\\Portfoli-backend\\src\\routes\\welcomeRoutes.ts","statementMap":{"0":{"start":{"line":5,"column":13},"end":{"line":5,"column":29}},"1":{"start":{"line":7,"column":0},"end":{"line":7,"column":25}}},"fnMap":{},"branchMap":{},"s":{"0":1,"1":1},"f":{},"b":{},"_coverageSchema":"1a1c01bbd47fc00a2c39e90264f33305004495a9","hash":"c343c671d6210e49b08dca057e47154f31929371"}
}
